This is TeX, Version 3.14159 (C version 6.1) (format=latex 97.4.4)  16 JAN 1999 11:14
**main
(main.tex
LaTeX2e <1996/12/01> patch level 1
Babel <v3.6h> and hyphenation patterns for english, german, loaded.
(/home/tex/teTeX/texmf/tex/latex/base/report.cls
Document Class: report 1996/10/31 v1.3u Standard LaTeX document class
(/home/tex/teTeX/texmf/tex/latex/base/leqno.clo
File: leqno.clo 1996/07/26 v1.1b Standard LaTeX option (left equation numbers)
)
(/home/tex/teTeX/texmf/tex/latex/base/size10.clo
File: size10.clo 1996/10/31 v1.3u Standard LaTeX file (size option)
)
\c@part=\count79
\c@chapter=\count80
\c@section=\count81
\c@subsection=\count82
\c@subsubsection=\count83
\c@paragraph=\count84
\c@subparagraph=\count85
\c@figure=\count86
\c@table=\count87
\abovecaptionskip=\skip41
\belowcaptionskip=\skip42
\bibindent=\dimen102
)
\@indexfile=\write3

Writing index file main.idx
(main.aux)
LaTeX Font Info:    Checking defaults for OML/cmm/m/it on input line 17.
LaTeX Font Info:    ... okay on input line 17.
LaTeX Font Info:    Checking defaults for T1/cmr/m/n on input line 17.
LaTeX Font Info:    ... okay on input line 17.
LaTeX Font Info:    Checking defaults for OT1/cmr/m/n on input line 17.
LaTeX Font Info:    ... okay on input line 17.
LaTeX Font Info:    Checking defaults for OMS/cmsy/m/n on input line 17.
LaTeX Font Info:    ... okay on input line 17.
LaTeX Font Info:    Checking defaults for OMX/cmex/m/n on input line 17.
LaTeX Font Info:    ... okay on input line 17.
LaTeX Font Info:    Checking defaults for U/cmr/m/n on input line 17.
LaTeX Font Info:    ... okay on input line 17.
 (intro.tex
Chapter 1.
LaTeX Font Info:    External font `cmex10' loaded for size
(Font)              <7> on input line 9.
LaTeX Font Info:    External font `cmex10' loaded for size
(Font)              <5> on input line 9.
) (dataStructure.tex
LaTeX Font Info:    Try loading font information for OMS+cmr on input line 9.
 (/home/tex/teTeX/texmf/tex/latex/base/omscmr.fd
File: omscmr.fd 1997/01/14 v2.5a Standard LaTeX font definitions
)
LaTeX Font Info:    Font shape `OMS/cmr/m/n' in size <10> not available
(Font)              Font shape `OMS/cmsy/m/n' tried instead on input line 9.

Overfull \hbox (22.05931pt too wide) in paragraph at lines 44--54
\OT1/cmr/m/n/10 The \OT1/cmtt/m/n/10 A2[]copyEntriesToVector() \OT1/cmr/m/n/10 
method uses the fol-low-ing con-stants: \OT1/cmtt/m/n/10 A2[]STRICT[]LOWER\OT1/
cmr/m/n/10 , \OT1/cmtt/m/n/10 A2[]LOWER\OT1/cmr/m/n/10 , \OT1/cmtt/m/n/10 A2[]D
IAGONAL\OT1/cmr/m/n/10 ,
 []

) (proto.tex [1


] [2] [3]
Overfull \hbox (9.5478pt too wide) in paragraph at lines 290--295
\OT1/cmr/m/n/10 Note, \OT1/cmtt/m/n/10 firstrow\OT1/cmr/m/n/10 , \OT1/cmtt/m/n/
10 lastrow\OT1/cmr/m/n/10 , \OT1/cmtt/m/n/10 firstcol \OT1/cmr/m/n/10 and \OT1/
cmtt/m/n/10 lastcol \OT1/cmr/m/n/10 must sat-isfy \OT1/cmtt/m/n/10 0 <= firstro
w <= lastrow < mtxB->n1
 []

LaTeX Font Info:    External font `cmex10' loaded for size
(Font)              <12> on input line 303.
LaTeX Font Info:    External font `cmex10' loaded for size
(Font)              <8> on input line 303.
LaTeX Font Info:    External font `cmex10' loaded for size
(Font)              <6> on input line 303.
[4] [5] [6] [7]
Overfull \hbox (0.273pt too wide) in paragraph at lines 776--779
[]\OT1/cmr/m/n/10 This method fills the ma-trix with ran-dom num-bers taken fro
m a uni-form dis-tri-bu-tion on \OT1/cmtt/m/n/10 [lower,upper]
 []

[8] [9]) (drivers.tex [10]) (main.ind [11] [12

]) (main.aux) ) 
Here is how much of TeX's memory you used:
 321 strings out of 10908
 3334 string characters out of 72189
 50228 words of memory out of 262141
 3233 multiletter control sequences out of 9500
 9705 words of font info for 35 fonts, out of 150000 for 255
 14 hyphenation exceptions out of 607
 23i,5n,21p,140b,423s stack positions out of 300i,40n,60p,3000b,4000s

Output written on main.dvi (12 pages, 42424 bytes).
