This is TeX, Version 3.14159 (C version 6.1) (format=latex 97.4.4)  16 JAN 1999 13:25
**main
(main.tex
LaTeX2e <1996/12/01> patch level 1
Babel <v3.6h> and hyphenation patterns for english, german, loaded.
(/home/tex/teTeX/texmf/tex/latex/base/latex209.def
File: latex209.def 1996/05/21 v0.51 Standard LaTeX file

Entering LaTeX 2.09 compatibility mode.
\footheight=\dimen102
\@maxsep=\dimen103
\@dblmaxsep=\dimen104
\@cla=\count79
\@clb=\count80
\mscount=\count81
(/home/tex/teTeX/texmf/tex/latex/base/tracefnt.sty
Package: tracefnt 1996/07/26 v3.0i Standard LaTeX package (font tracing)
\tracingfonts=\count82
LaTeX Info: Redefining \selectfont on input line 139.
)
\symbold=\mathgroup4
\symsans=\mathgroup5
\symtypewriter=\mathgroup6
\symitalic=\mathgroup7
\symsmallcaps=\mathgroup8
\symslanted=\mathgroup9
LaTeX Font Info:    Redeclaring math alphabet \mathbf on input line 306.
LaTeX Font Info:    Redeclaring math alphabet \mathsf on input line 307.
LaTeX Font Info:    Redeclaring math alphabet \mathtt on input line 308.
LaTeX Font Info:    Redeclaring math alphabet \mathit on input line 314.
LaTeX Info: Redefining \em on input line 324.

(/home/tex/teTeX/texmf/tex/latex/base/latexsym.sty
Package: latexsym 1996/11/20 v2.2d Standard LaTeX package (lasy symbols)
\symlasy=\mathgroup10
LaTeX Font Info:    Overwriting symbol font `lasy' in version `bold'
(Font)                  U/lasy/m/n --> U/lasy/b/n on input line 85.
)
LaTeX Font Info:    Redeclaring math delimiter \lgroup on input line 388.
LaTeX Font Info:    Redeclaring math delimiter \rgroup on input line 390.
LaTeX Font Info:    Redeclaring math delimiter \bracevert on input line 392.

(/home/tex/teTeX/texmf/tex/latex/config/latex209.cfg
(/home/tex/teTeX/texmf/tex/latex/tools/rawfonts.sty
Compatibility mode: package `' requested, but `rawfonts' provided.
Package: rawfonts 1994/05/08 Low-level LaTeX 2.09 font compatibility

(/home/tex/teTeX/texmf/tex/latex/tools/somedefs.sty
Package: somedefs 1994/06/01 Toolkit for optional definitions
)
LaTeX Font Info:    Try loading font information for U+lasy on input line 36.

(/home/tex/teTeX/texmf/tex/latex/base/ulasy.fd
File: ulasy.fd 1996/11/20 v2.2dLaTeX symbol font definitions
))))
(/home/tex/teTeX/texmf/tex/latex/base/report.cls
Document Class: report 1996/10/31 v1.3u Standard LaTeX document class
(/home/tex/teTeX/texmf/tex/latex/base/leqno.clo
File: leqno.clo 1996/07/26 v1.1b Standard LaTeX option (left equation numbers)
)
(/home/tex/teTeX/texmf/tex/latex/base/size11.clo
File: size11.clo 1996/10/31 v1.3u Standard LaTeX file (size option)
)
\c@part=\count83
\c@chapter=\count84
\c@section=\count85
\c@subsection=\count86
\c@subsubsection=\count87
\c@paragraph=\count88
\c@subparagraph=\count89
\c@figure=\count90
\c@table=\count91
\abovecaptionskip=\skip41
\belowcaptionskip=\skip42
Compatibility mode: definition of \rm ignored.
Compatibility mode: definition of \sf ignored.
Compatibility mode: definition of \tt ignored.
Compatibility mode: definition of \bf ignored.
Compatibility mode: definition of \it ignored.
Compatibility mode: definition of \sl ignored.
Compatibility mode: definition of \sc ignored.
LaTeX Info: Redefining \cal on input line 622.
LaTeX Info: Redefining \mit on input line 623.
\bibindent=\dimen105
)
(/home/tex/teTeX/texmf/tex/generic/local/psfig/psfig.tex
\@unused=\write3
\ps@stream=\read1
\p@intvaluex=\dimen106
\p@intvaluey=\dimen107

psfig/tex 1.10-dvips
)
\@indexfile=\write4

Writing index file main.idx
(main.aux)
LaTeX Font Info:    Checking defaults for OML/cmm/m/it on input line 20.
LaTeX Font Info:    ... okay on input line 20.
LaTeX Font Info:    Checking defaults for T1/cmr/m/n on input line 20.
LaTeX Font Info:    ... okay on input line 20.
LaTeX Font Info:    Checking defaults for OT1/cmr/m/n on input line 20.
LaTeX Font Info:    ... okay on input line 20.
LaTeX Font Info:    Checking defaults for OMS/cmsy/m/n on input line 20.
LaTeX Font Info:    ... okay on input line 20.
LaTeX Font Info:    Checking defaults for OMX/cmex/m/n on input line 20.
LaTeX Font Info:    ... okay on input line 20.
LaTeX Font Info:    Checking defaults for U/cmr/m/n on input line 20.
LaTeX Font Info:    ... okay on input line 20.
 (intro.tex
Chapter 1.
psfig: searching ../../Chv/doc/simple.eps for bounding box
psfig: including ../../Chv/doc/simple.eps 
LaTeX Font Info:    External font `cmex10' loaded for size
(Font)              <10.95> on input line 16.
LaTeX Font Info:    External font `cmex10' loaded for size
(Font)              <8> on input line 16.
LaTeX Font Info:    External font `cmex10' loaded for size
(Font)              <6> on input line 16.
[1


]
LaTeX Font Info:    Try loading font information for OMS+cmtt on input line 61.

LaTeX Font Info:    No file OMScmtt.fd. on input line 61.
LaTeX Font Warning: Font shape `OMS/cmtt/m/n' undefined
(Font)              using `OMS/cmsy/m/n' instead
(Font)              for symbol `textbraceleft' on input line 61.

Overfull \hbox (7.47354pt too wide) in paragraph at lines 63--66
[]\OT1/cmr/m/n/10.95 Assemble any post-poned data from its chil-dren fronts. (S
ee the \OT1/cmtt/m/n/10.95 Chv[]assemblePostponedData()
 []


Overfull \hbox (1.0263pt too wide) in paragraph at lines 66--68
[]\OT1/cmr/m/n/10.95 Compute the fac-tor-iza-tion of the com-pletely as-sem-ble
d front. (See the \OT1/cmtt/m/n/10.95 Chv[]factor() \OT1/cmr/m/n/10.95 method.)
 
 []

psfig: searching ../../Chv/doc/simple2.eps for bounding box
psfig: including ../../Chv/doc/simple2.eps 
[2]) (dataStructure.tex
LaTeX Font Info:    Try loading font information for OMS+cmr on input line 9.
 (/home/tex/teTeX/texmf/tex/latex/base/omscmr.fd
File: omscmr.fd 1997/01/14 v2.5a Standard LaTeX font definitions
)
LaTeX Font Info:    Font shape `OMS/cmr/m/n' in size <10.95> not available
(Font)              Font shape `OMS/cmsy/m/n' tried instead on input line 9.

[3]) (proto.tex [4] [5] [6]
Overfull \hbox (29.01247pt too wide) in paragraph at lines 324--324
 []\OT1/cmtt/m/n/10.95 void Chv_init( Chv *chv, int id, int nD, int nL, int nU,
 int type, int symflag ) ;[] 
 []


Overfull \hbox (11.7664pt too wide) in paragraph at lines 347--347
 []\OT1/cmtt/m/n/10.95 void Chv_initWithPointers ( Chv *chv, int id, int nD, in
t nL, int nU, int type,[] 
 []


Overfull \hbox (52.00722pt too wide) in paragraph at lines 347--347
 []                            \OT1/cmtt/m/n/10.95 int symflag, int *rowind, in
t *colind, double *entries ) ;[] 
 []


Overfull \hbox (11.7664pt too wide) in paragraph at lines 390--390
 []\OT1/cmtt/m/n/10.95 int Chv_maxabsInDiagonal11 ( Chv *chv, int mark[], int t
ag, double *pmaxval ) ;[] 
 []

[7] [8] [9] [10]
Overfull \hbox (0.26903pt too wide) in paragraph at lines 681--681
 []\OT1/cmtt/m/n/10.95 int Chv_assemblePostponedData ( Chv *newchv, Chv *oldchv
, Chv *firstchild ) ;[] 
 []

[11] [12]
Overfull \hbox (8.37198pt too wide) in paragraph at lines 921--925
[]\OT1/cmr/m/n/10.95 If \OT1/cmtt/m/n/10.95 storeflag \OT1/cmr/m/n/10.95 is \OT
1/cmtt/m/n/10.95 CHV[]BY[]ROWS\OT1/cmr/m/n/10.95 , the en-tries are stored by r
ows and if \OT1/cmtt/m/n/10.95 storeflag \OT1/cmr/m/n/10.95 is \OT1/cmtt/m/n/10
.95 CHV[]BY[]COLUMNS\OT1/cmr/m/n/10.95 ,
 []

[13]
Overfull \hbox (8.37198pt too wide) in paragraph at lines 973--977
[]\OT1/cmr/m/n/10.95 If \OT1/cmtt/m/n/10.95 storeflag \OT1/cmr/m/n/10.95 is \OT
1/cmtt/m/n/10.95 CHV[]BY[]ROWS\OT1/cmr/m/n/10.95 , the en-tries are stored by r
ows and if \OT1/cmtt/m/n/10.95 storeflag \OT1/cmr/m/n/10.95 is \OT1/cmtt/m/n/10
.95 CHV[]BY[]COLUMNS\OT1/cmr/m/n/10.95 ,
 []

[14] [15] [16]) (drivers.tex
Overfull \hbox (4.80856pt too wide) in paragraph at lines 36--40
[]\OT1/cmr/m/n/10.95 The \OT1/cmtt/m/n/10.95 symflag \OT1/cmr/m/n/10.95 pa-ram-
e-ter is the sym-me-try flag --- \OT1/cmtt/m/n/10.95 SPOOLES[]SYMMETRIC\OT1/cmr
/m/n/10.95 , \OT1/cmtt/m/n/10.95 SPOOLES[]HERMITIAN
 []

[17]
Overfull \hbox (4.80856pt too wide) in paragraph at lines 87--91
[]\OT1/cmr/m/n/10.95 The \OT1/cmtt/m/n/10.95 symflag \OT1/cmr/m/n/10.95 pa-ram-
e-ter is the sym-me-try flag --- \OT1/cmtt/m/n/10.95 SPOOLES[]SYMMETRIC\OT1/cmr
/m/n/10.95 , \OT1/cmtt/m/n/10.95 SPOOLES[]HERMITIAN
 []


Overfull \hbox (4.80856pt too wide) in paragraph at lines 127--131
[]\OT1/cmr/m/n/10.95 The \OT1/cmtt/m/n/10.95 symflag \OT1/cmr/m/n/10.95 pa-ram-
e-ter is the sym-me-try flag --- \OT1/cmtt/m/n/10.95 SPOOLES[]SYMMETRIC\OT1/cmr
/m/n/10.95 , \OT1/cmtt/m/n/10.95 SPOOLES[]HERMITIAN
 []

[18]
Overfull \hbox (4.80856pt too wide) in paragraph at lines 177--181
[]\OT1/cmr/m/n/10.95 The \OT1/cmtt/m/n/10.95 symflag \OT1/cmr/m/n/10.95 pa-ram-
e-ter is the sym-me-try flag --- \OT1/cmtt/m/n/10.95 SPOOLES[]SYMMETRIC\OT1/cmr
/m/n/10.95 , \OT1/cmtt/m/n/10.95 SPOOLES[]HERMITIAN
 []

[19]
Overfull \hbox (4.80856pt too wide) in paragraph at lines 227--231
[]\OT1/cmr/m/n/10.95 The \OT1/cmtt/m/n/10.95 symflag \OT1/cmr/m/n/10.95 pa-ram-
e-ter is the sym-me-try flag --- \OT1/cmtt/m/n/10.95 SPOOLES[]SYMMETRIC\OT1/cmr
/m/n/10.95 , \OT1/cmtt/m/n/10.95 SPOOLES[]HERMITIAN
 []


Overfull \hbox (4.80856pt too wide) in paragraph at lines 273--277
[]\OT1/cmr/m/n/10.95 The \OT1/cmtt/m/n/10.95 symflag \OT1/cmr/m/n/10.95 pa-ram-
e-ter is the sym-me-try flag --- \OT1/cmtt/m/n/10.95 SPOOLES[]SYMMETRIC\OT1/cmr
/m/n/10.95 , \OT1/cmtt/m/n/10.95 SPOOLES[]HERMITIAN
 []


Overfull \hbox (28.20038pt too wide) in paragraph at lines 287--301
[]\OT1/cmr/m/n/10.95 This driver pro-gram tests the \OT1/cmtt/m/n/10.95 Chv[]ma
xabsInRow()\OT1/cmr/m/n/10.95 , \OT1/cmtt/m/n/10.95 Chv[]maxabsInRow11()\OT1/cm
r/m/n/10.95 , \OT1/cmtt/m/n/10.95 Chv[]maxabsInColumn()\OT1/cmr/m/n/10.95 ,
 []

[20]
Overfull \hbox (4.80856pt too wide) in paragraph at lines 321--325
[]\OT1/cmr/m/n/10.95 The \OT1/cmtt/m/n/10.95 symflag \OT1/cmr/m/n/10.95 pa-ram-
e-ter is the sym-me-try flag --- \OT1/cmtt/m/n/10.95 SPOOLES[]SYMMETRIC\OT1/cmr
/m/n/10.95 , \OT1/cmtt/m/n/10.95 SPOOLES[]HERMITIAN
 []


Overfull \hbox (4.80856pt too wide) in paragraph at lines 360--364
[]\OT1/cmr/m/n/10.95 The \OT1/cmtt/m/n/10.95 symflag \OT1/cmr/m/n/10.95 pa-ram-
e-ter is the sym-me-try flag --- \OT1/cmtt/m/n/10.95 SPOOLES[]SYMMETRIC\OT1/cmr
/m/n/10.95 , \OT1/cmtt/m/n/10.95 SPOOLES[]HERMITIAN
 []


Overfull \hbox (4.80856pt too wide) in paragraph at lines 395--399
[]\OT1/cmr/m/n/10.95 The \OT1/cmtt/m/n/10.95 symflag \OT1/cmr/m/n/10.95 pa-ram-
e-ter is the sym-me-try flag --- \OT1/cmtt/m/n/10.95 SPOOLES[]SYMMETRIC\OT1/cmr
/m/n/10.95 , \OT1/cmtt/m/n/10.95 SPOOLES[]HERMITIAN
 []

[21]
Overfull \hbox (4.80856pt too wide) in paragraph at lines 435--439
[]\OT1/cmr/m/n/10.95 The \OT1/cmtt/m/n/10.95 symflag \OT1/cmr/m/n/10.95 pa-ram-
e-ter is the sym-me-try flag --- \OT1/cmtt/m/n/10.95 SPOOLES[]SYMMETRIC\OT1/cmr
/m/n/10.95 , \OT1/cmtt/m/n/10.95 SPOOLES[]HERMITIAN
 []


Overfull \hbox (4.80856pt too wide) in paragraph at lines 470--474
[]\OT1/cmr/m/n/10.95 The \OT1/cmtt/m/n/10.95 symflag \OT1/cmr/m/n/10.95 pa-ram-
e-ter is the sym-me-try flag --- \OT1/cmtt/m/n/10.95 SPOOLES[]SYMMETRIC\OT1/cmr
/m/n/10.95 , \OT1/cmtt/m/n/10.95 SPOOLES[]HERMITIAN
 []

[22]) (main.ind [23] [24

]) (main.aux)
LaTeX Font Warning: Some font shapes were not available, defaults substituted.
 ) 
Here is how much of TeX's memory you used:
 839 strings out of 10908
 8656 string characters out of 72189
 55441 words of memory out of 262141
 3675 multiletter control sequences out of 9500
 23452 words of font info for 88 fonts, out of 150000 for 255
 14 hyphenation exceptions out of 607
 22i,7n,21p,313b,388s stack positions out of 300i,40n,60p,3000b,4000s

Output written on main.dvi (24 pages, 84792 bytes).
