This is TeX, Version 3.14159 (C version 6.1) (format=latex 97.4.4)  2 JAN 1999 11:26
**main
(main.tex
LaTeX2e <1996/12/01> patch level 1
Babel <v3.6h> and hyphenation patterns for english, german, loaded.
(/home/tex/teTeX/texmf/tex/latex/base/report.cls
Document Class: report 1996/10/31 v1.3u Standard LaTeX document class
(/home/tex/teTeX/texmf/tex/latex/base/size10.clo
File: size10.clo 1996/10/31 v1.3u Standard LaTeX file (size option)
)
\c@part=\count79
\c@chapter=\count80
\c@section=\count81
\c@subsection=\count82
\c@subsubsection=\count83
\c@paragraph=\count84
\c@subparagraph=\count85
\c@figure=\count86
\c@table=\count87
\abovecaptionskip=\skip41
\belowcaptionskip=\skip42
\bibindent=\dimen102
)
\@indexfile=\write3

Writing index file main.idx
(/home/tex/teTeX/texmf/tex/generic/local/psfig/psfig.tex
\@unused=\write4
\ps@stream=\read1
\p@intvaluex=\dimen103
\p@intvaluey=\dimen104

psfig/tex 1.10-dvips
) (main.aux)
LaTeX Font Info:    Checking defaults for OML/cmm/m/it on input line 21.
LaTeX Font Info:    ... okay on input line 21.
LaTeX Font Info:    Checking defaults for T1/cmr/m/n on input line 21.
LaTeX Font Info:    ... okay on input line 21.
LaTeX Font Info:    Checking defaults for OT1/cmr/m/n on input line 21.
LaTeX Font Info:    ... okay on input line 21.
LaTeX Font Info:    Checking defaults for OMS/cmsy/m/n on input line 21.
LaTeX Font Info:    ... okay on input line 21.
LaTeX Font Info:    Checking defaults for OMX/cmex/m/n on input line 21.
LaTeX Font Info:    ... okay on input line 21.
LaTeX Font Info:    Checking defaults for U/cmr/m/n on input line 21.
LaTeX Font Info:    ... okay on input line 21.
LaTeX Font Info:    External font `cmex10' loaded for size
(Font)              <12> on input line 48.
LaTeX Font Info:    External font `cmex10' loaded for size
(Font)              <8> on input line 48.
LaTeX Font Info:    External font `cmex10' loaded for size
(Font)              <6> on input line 48.
LaTeX Font Info:    External font `cmex10' loaded for size
(Font)              <9> on input line 48.
LaTeX Font Info:    External font `cmex10' loaded for size
(Font)              <5> on input line 48.
 [1

] (abstract.tex [1]) (main.toc
LaTeX Font Info:    External font `cmex10' loaded for size
(Font)              <7> on input line 3.
 [1

])
\tf@toc=\write5
 (intro.tex [2]
Chapter 1.
[3

]
LaTeX Font Info:    Try loading font information for OMS+cmr on input line 92.
 (/home/tex/teTeX/texmf/tex/latex/base/omscmr.fd
File: omscmr.fd 1997/01/14 v2.5a Standard LaTeX font definitions
)
LaTeX Font Info:    Font shape `OMS/cmr/m/n' in size <10> not available
(Font)              Font shape `OMS/cmsy/m/n' tried instead on input line 92.
) (setup.tex [4]
Chapter 2.
[5

] [6] [7] [8] [9]) (serial.tex [10]
Chapter 3.
[11

] [12]
LaTeX Font Info:    Font shape `OT1/cmtt/bx/n' in size <14.4> not available
(Font)              Font shape `OT1/cmtt/m/n' tried instead on input line 160.
 [13]
Overfull \hbox (1.50043pt too wide) in paragraph at lines 215--220
[]\OT1/cmtt/m/n/10 int sparsityflag \OT1/cmr/m/n/10 : \OT1/cmtt/m/n/10 SPOOLES[
]DENSE[]FRONTS \OT1/cmr/m/n/10 for a di-rect fac-tor-iza-tion, or \OT1/cmtt/m/n
/10 SPOOLES[]SPARSE[]FRONTS
 []

[14]
Overfull \hbox (2.32315pt too wide) in paragraph at lines 363--370
[]\OT1/cmtt/m/n/10 patchinfo \OT1/cmr/m/n/10 = \OT1/cmtt/m/n/10 frontETree \OT1
/cmr/m/n/10 = \OT1/cmtt/m/n/10 symbfacIVL \OT1/cmr/m/n/10 = \OT1/cmtt/m/n/10 mt
xmanager \OT1/cmr/m/n/10 = \OT1/cmtt/m/n/10 frontmtx \OT1/cmr/m/n/10 = \OT1/cmt
t/m/n/10 oldToNewIV \OT1/cmr/m/n/10 = \OT1/cmtt/m/n/10 newToOldIV
 []

[15]
Overfull \hbox (6.7411pt too wide) in paragraph at lines 481--481
 []\OT1/cmtt/m/n/10 int Bridge_setMatrixParams ( Bridge *bridge, int neqns, int
 type, int symmetryflag ) ;[] 
 []


Overfull \hbox (6.7411pt too wide) in paragraph at lines 523--523
 []                             \OT1/cmtt/m/n/10 double tau, double droptol, Pa
tchAndGoInfo *patchinfo ) ;[] 
 []

[16]
Overfull \hbox (6.7411pt too wide) in paragraph at lines 640--640
 []\OT1/cmtt/m/n/10 int Bridge_solve ( Bridge *bridge, int permuteflag, DenseMt
x *mtxX, DenseMtx *mtxY ) ;[] 
 []

) (MT.tex [17]
Chapter 4.

Overfull \hbox (8.70973pt too wide) in paragraph at lines 18--24
\OT1/cmtt/m/n/10 BridgeMT[]set*() \OT1/cmr/m/n/10 meth-ods. The setup phase or-
ders the ma-trix and pre-pares all the nec-es-sary \OT1/cmr/bx/n/10 SPOOLES
 []

[18

] [19] [20]
Overfull \hbox (1.50043pt too wide) in paragraph at lines 244--249
[]\OT1/cmtt/m/n/10 int sparsityflag \OT1/cmr/m/n/10 : \OT1/cmtt/m/n/10 SPOOLES[
]DENSE[]FRONTS \OT1/cmr/m/n/10 for a di-rect fac-tor-iza-tion, or \OT1/cmtt/m/n
/10 SPOOLES[]SPARSE[]FRONTS
 []

[21] [22]
Overfull \hbox (9.65831pt too wide) in paragraph at lines 422--433
[]\OT1/cmtt/m/n/10 patchinfo\OT1/cmr/m/n/10 , \OT1/cmtt/m/n/10 frontETree\OT1/c
mr/m/n/10 , \OT1/cmtt/m/n/10 symbfacIVL\OT1/cmr/m/n/10 , \OT1/cmtt/m/n/10 mtxma
nager\OT1/cmr/m/n/10 , \OT1/cmtt/m/n/10 frontmtx\OT1/cmr/m/n/10 , \OT1/cmtt/m/n
/10 oldToNewIV\OT1/cmr/m/n/10 , \OT1/cmtt/m/n/10 newToOldIV\OT1/cmr/m/n/10 , \O
T1/cmtt/m/n/10 ownersIV\OT1/cmr/m/n/10 ,
 []

[23]
Overfull \hbox (27.74092pt too wide) in paragraph at lines 588--588
 []\OT1/cmtt/m/n/10 int BridgeMT_setMatrixParams ( BridgeMT *bridge, int neqns,
 int type, int symmetryflag ) ;[] 
 []


Overfull \hbox (6.7411pt too wide) in paragraph at lines 630--630
 []              \OT1/cmtt/m/n/10 double tau, double droptol, int lookahead, Pa
tchAndGoInfo *patchinfo ) ;[] 
 []

[24]
Overfull \hbox (6.7411pt too wide) in paragraph at lines 683--683
 []\OT1/cmtt/m/n/10 int BridgeMT_factorStats ( BridgeMT *bridge, int type, int 
symmetryflag, int *pnfront,[] 
 []


Overfull \hbox (17.24101pt too wide) in paragraph at lines 719--719
 []\OT1/cmtt/m/n/10 int BridgeMT_factorSetup ( BridgeMT *bridge, int nthread, i
nt maptype, double cutoff ) ;[] 
 []


Overfull \hbox (6.7411pt too wide) in paragraph at lines 756--756
 []\OT1/cmtt/m/n/10 int BridgeMT_factor ( BridgeMT *bridge, InpMtx *mtxA, int p
ermuteflag, int *perror ) ;[] 
 []

[25]
Overfull \hbox (27.74092pt too wide) in paragraph at lines 804--804
 []\OT1/cmtt/m/n/10 int BridgeMT_solve ( BridgeMT *bridge, int permuteflag, Den
seMtx *mtxX, DenseMtx *mtxY ) ;[] 
 []

) (MPI.tex [26]
Chapter 5.
[27

] [28] [29]
Overfull \hbox (1.50043pt too wide) in paragraph at lines 252--257
[]\OT1/cmtt/m/n/10 int sparsityflag \OT1/cmr/m/n/10 : \OT1/cmtt/m/n/10 SPOOLES[
]DENSE[]FRONTS \OT1/cmr/m/n/10 for a di-rect fac-tor-iza-tion, or \OT1/cmtt/m/n
/10 SPOOLES[]SPARSE[]FRONTS
 []

[30] [31]
Overfull \hbox (9.65831pt too wide) in paragraph at lines 460--478
[]\OT1/cmtt/m/n/10 patchinfo\OT1/cmr/m/n/10 , \OT1/cmtt/m/n/10 frontETree\OT1/c
mr/m/n/10 , \OT1/cmtt/m/n/10 symbfacIVL\OT1/cmr/m/n/10 , \OT1/cmtt/m/n/10 mtxma
nager\OT1/cmr/m/n/10 , \OT1/cmtt/m/n/10 frontmtx\OT1/cmr/m/n/10 , \OT1/cmtt/m/n
/10 oldToNewIV\OT1/cmr/m/n/10 , \OT1/cmtt/m/n/10 newToOldIV\OT1/cmr/m/n/10 , \O
T1/cmtt/m/n/10 ownersIV\OT1/cmr/m/n/10 ,
 []


Overfull \hbox (2.07051pt too wide) in paragraph at lines 489--491
[]\OT1/cmr/m/n/10 This method clears the ob-ject and free's any owned data. It 
then calls \OT1/cmtt/m/n/10 BridgeMPI[]setDefaultFields()\OT1/cmr/m/n/10 . 
 []

[32] [33]
Overfull \hbox (38.24083pt too wide) in paragraph at lines 700--700
 []\OT1/cmtt/m/n/10 int BridgeMPI_setMatrixParams ( BridgeMPI *bridge, int neqn
s, int type, int symmetryflag ) ;[] 
 []


Overfull \hbox (6.7411pt too wide) in paragraph at lines 721--721
 []\OT1/cmtt/m/n/10 int BridgeMPI_setMPIparams ( BridgeMPI *bridge, int nproc, 
int myid, MPI_Comm comm ) ;[] 
 []


Overfull \hbox (6.7411pt too wide) in paragraph at lines 740--740
 []\OT1/cmtt/m/n/10 int BridgeMPI_setOrderingParams ( BridgeMPI *bridge, int ma
xdomainsize, int maxnzeros,[] 
 []


Overfull \hbox (6.7411pt too wide) in paragraph at lines 760--760
 []\OT1/cmtt/m/n/10 int BridgeMPI_setFactorParams ( BridgeMPI *bridge, int spar
sityflag, int pivotingflag,[] 
 []


Overfull \hbox (6.7411pt too wide) in paragraph at lines 760--760
 []              \OT1/cmtt/m/n/10 double tau, double droptol, int lookahead, Pa
tchAndGoInfo *patchinfo ) ;[] 
 []

[34]
Overfull \hbox (17.24101pt too wide) in paragraph at lines 813--813
 []\OT1/cmtt/m/n/10 int BridgeMPI_factorStats ( BridgeMPI *bridge, int type, in
t symmetryflag, int *pnfront,[] 
 []

[35]
Overfull \hbox (17.24101pt too wide) in paragraph at lines 879--879
 []\OT1/cmtt/m/n/10 int BridgeMPI_factor ( BridgeMPI *bridge, InpMtx *mtxA, int
 permuteflag, int *perror ) ;[] 
 []


Overfull \hbox (38.24083pt too wide) in paragraph at lines 927--927
 []\OT1/cmtt/m/n/10 int BridgeMPI_solve ( BridgeMPI *bridge, int permuteflag, D
enseMtx *mtxX, DenseMtx *mtxY ) ;[] 
 []

) (serial_driver.tex [36]
Appendix A.
[37

] [38] [39] [40] [41]) (MT_driver.tex [42]
Appendix B.
[43

] [44] [45] [46] [47] [48]) (MPI_driver.tex [49]
Appendix C.
[50

] [51] [52] [53] [54] [55] [56]) (main.ind [57] [58

]) (main.aux) ) 
Here is how much of TeX's memory you used:
 597 strings out of 10908
 6593 string characters out of 72189
 59047 words of memory out of 262141
 3485 multiletter control sequences out of 9500
 11867 words of font info for 43 fonts, out of 150000 for 255
 14 hyphenation exceptions out of 607
 25i,11n,21p,152b,402s stack positions out of 300i,40n,60p,3000b,4000s

Output written on main.dvi (60 pages, 170020 bytes).
