This is pdfTeX, Version 3.14159265-2.6-1.40.18 (TeX Live 2017/Debian) (preloaded format=pdflatex 2019.3.15)  15 MAR 2019 10:44
entering extended mode
 restricted \write18 enabled.
 %&-line parsing enabled.
**main.tex
(./main.tex
LaTeX2e <2017-04-15>
Babel <3.18> and hyphenation patterns for 3 language(s) loaded.
(/usr/share/texlive/texmf-dist/tex/latex/base/article.cls
Document Class: article 2014/09/29 v1.4h Standard LaTeX document class
(/usr/share/texlive/texmf-dist/tex/latex/base/leqno.clo
File: leqno.clo 2016/12/29 v1.2a Standard LaTeX option (left equation numbers)
)
(/usr/share/texlive/texmf-dist/tex/latex/base/size10.clo
File: size10.clo 2014/09/29 v1.4h Standard LaTeX file (size option)
)
\c@part=\count79
\c@section=\count80
\c@subsection=\count81
\c@subsubsection=\count82
\c@paragraph=\count83
\c@subparagraph=\count84
\c@figure=\count85
\c@table=\count86
\abovecaptionskip=\skip41
\belowcaptionskip=\skip42
\bibindent=\dimen102
)
\@indexfile=\write3
\openout3 = `main.idx'.


Writing index file main.idx
(./main.aux)
\openout1 = `main.aux'.

LaTeX Font Info:    Checking defaults for OML/cmm/m/it on input line 37.
LaTeX Font Info:    ... okay on input line 37.
LaTeX Font Info:    Checking defaults for T1/cmr/m/n on input line 37.
LaTeX Font Info:    ... okay on input line 37.
LaTeX Font Info:    Checking defaults for OT1/cmr/m/n on input line 37.
LaTeX Font Info:    ... okay on input line 37.
LaTeX Font Info:    Checking defaults for OMS/cmsy/m/n on input line 37.
LaTeX Font Info:    ... okay on input line 37.
LaTeX Font Info:    Checking defaults for OMX/cmex/m/n on input line 37.
LaTeX Font Info:    ... okay on input line 37.
LaTeX Font Info:    Checking defaults for U/cmr/m/n on input line 37.
LaTeX Font Info:    ... okay on input line 37.
LaTeX Font Info:    External font `cmex10' loaded for size
(Font)              <12> on input line 54.
LaTeX Font Info:    External font `cmex10' loaded for size
(Font)              <8> on input line 54.
LaTeX Font Info:    External font `cmex10' loaded for size
(Font)              <6> on input line 54.
LaTeX Font Info:    Try loading font information for OMS+cmr on input line 54.
 (/usr/share/texlive/texmf-dist/tex/latex/base/omscmr.fd
File: omscmr.fd 2014/09/29 v2.5h Standard LaTeX font definitions
)
LaTeX Font Info:    Font shape `OMS/cmr/m/n' in size <8> not available
(Font)              Font shape `OMS/cmsy/m/n' tried instead on input line 54.
LaTeX Font Info:    External font `cmex10' loaded for size
(Font)              <5> on input line 54.
LaTeX Font Info:    Font shape `OMS/cmr/m/n' in size <6> not available
(Font)              Font shape `OMS/cmsy/m/n' tried instead on input line 54.
 [1

{/var/lib/texmf/fonts/map/pdftex/updmap/pdftex.map}] (./main.toc
LaTeX Font Info:    External font `cmex10' loaded for size
(Font)              <7> on input line 2.
)
\tf@toc=\write4
\openout4 = `main.toc'.

 (./intro.tex
[2] [3]
LaTeX Font Info:    Font shape `OMS/cmr/m/n' in size <10> not available
(Font)              Font shape `OMS/cmsy/m/n' tried instead on input line 16.
 [4]) (./LU_serial.tex [5]
LaTeX Font Info:    External font `cmex10' loaded for size
(Font)              <14.4> on input line 3.
 [6] [7] [8] [9]
Overfull \hbox (2.16098pt too wide) in paragraph at lines 358--363
\OT1/cmr/m/n/10 The nu-meric fac-tor-iza-tion step be-gins by ini-tial-iz-ing t
he \OT1/cmtt/m/n/10 FrontMtx \OT1/cmr/m/n/10 ob-ject with the \OT1/cmtt/m/n/10 
frontETree \OT1/cmr/m/n/10 and \OT1/cmtt/m/n/10 symbacIVL
 []

[10] [11]) (./LU_MT.tex [12] [13] [14]
Overfull \hbox (0.49548pt too wide) in paragraph at lines 186--188
\OT1/cmr/m/n/10 This ob-ject also uses a do-main de-com-po-si-tion map, the onl
y solve map that presently found in the \OT1/cmr/bx/n/10 SPOOLES
 []

) (./LU_MPI.tex [15] [16]
Overfull \hbox (7.99084pt too wide) in paragraph at lines 149--149
[]\OT1/cmtt/m/n/10 IVgather(neqns, IV_entries(vtxmapIV), IV_entries(ownersIV), 
ETree_vtxToFront(frontETree)) ;[] 
 []

[17] [18]
Overfull \hbox (0.49548pt too wide) in paragraph at lines 248--250
\OT1/cmr/m/n/10 This ob-ject also uses a do-main de-com-po-si-tion map, the onl
y solve map that presently found in the \OT1/cmr/bx/n/10 SPOOLES
 []


Overfull \hbox (2.74089pt too wide) in paragraph at lines 256--256
[]\OT1/cmtt/m/n/10 FrontMtx_MPI_split(frontmtx, solvemap, stats, msglvl, msgFil
e, firsttag, MPI_COMM_WORLD) ;[] 
 []

[19]) (./QR_serial.tex [20] [21]
Overfull \hbox (2.16098pt too wide) in paragraph at lines 115--120
\OT1/cmr/m/n/10 The nu-meric fac-tor-iza-tion step be-gins by ini-tial-iz-ing t
he \OT1/cmtt/m/n/10 FrontMtx \OT1/cmr/m/n/10 ob-ject with the \OT1/cmtt/m/n/10 
frontETree \OT1/cmr/m/n/10 and \OT1/cmtt/m/n/10 symbacIVL
 []

[22]
Overfull \hbox (0.61469pt too wide) in paragraph at lines 226--226
[]\OT1/cmtt/m/n/10 0 1 1.0[] 
 []


Overfull \hbox (0.61469pt too wide) in paragraph at lines 226--226
[]\OT1/cmtt/m/n/10 0 3 2.0[] 
 []


Overfull \hbox (0.61469pt too wide) in paragraph at lines 226--226
[]\OT1/cmtt/m/n/10 1 2 3.0[] 
 []


Overfull \hbox (0.61469pt too wide) in paragraph at lines 226--226
[]\OT1/cmtt/m/n/10 1 3 1.0[] 
 []


Overfull \hbox (0.61469pt too wide) in paragraph at lines 226--226
[]\OT1/cmtt/m/n/10 1 5 1.0[] 
 []


Overfull \hbox (0.61469pt too wide) in paragraph at lines 226--226
[]\OT1/cmtt/m/n/10 2 0 1.0[] 
 []


Overfull \hbox (0.61469pt too wide) in paragraph at lines 226--226
[]\OT1/cmtt/m/n/10 2 2 2.0[] 
 []


Overfull \hbox (0.61469pt too wide) in paragraph at lines 226--226
[]\OT1/cmtt/m/n/10 3 0 3.0[] 
 []


Overfull \hbox (0.61469pt too wide) in paragraph at lines 226--226
[]\OT1/cmtt/m/n/10 3 2 4.0[] 
 []


Overfull \hbox (0.61469pt too wide) in paragraph at lines 226--226
[]\OT1/cmtt/m/n/10 3 4 2.0[] 
 []


Overfull \hbox (0.61469pt too wide) in paragraph at lines 226--226
[]\OT1/cmtt/m/n/10 4 3 1.0[] 
 []


Overfull \hbox (0.61469pt too wide) in paragraph at lines 226--226
[]\OT1/cmtt/m/n/10 5 1 2.0[] 
 []


Overfull \hbox (0.61469pt too wide) in paragraph at lines 226--226
[]\OT1/cmtt/m/n/10 5 4 3.0[] 
 []


Overfull \hbox (0.61469pt too wide) in paragraph at lines 226--226
[]\OT1/cmtt/m/n/10 5 5 1.0[] 
 []


Overfull \hbox (0.61469pt too wide) in paragraph at lines 226--226
[]\OT1/cmtt/m/n/10 6 0 2.0[] 
 []


Overfull \hbox (0.61469pt too wide) in paragraph at lines 226--226
[]\OT1/cmtt/m/n/10 6 3 3.0[] 
 []


Overfull \hbox (0.61469pt too wide) in paragraph at lines 226--226
[]\OT1/cmtt/m/n/10 7 1 1.0[] 
 []


Overfull \hbox (0.61469pt too wide) in paragraph at lines 226--226
[]\OT1/cmtt/m/n/10 7 4 3.0[] 
 []

) (./LU_serial_driver.tex [23] [24]
Underfull \vbox (badness 10000) has occurred while \output is active []

 [25]
Underfull \vbox (badness 10000) has occurred while \output is active []

 [26]
Underfull \vbox (badness 10000) has occurred while \output is active []

 [27]
Underfull \vbox (badness 10000) has occurred while \output is active []

 [28]
Underfull \vbox (badness 10000) has occurred while \output is active []

 [29])
(./LU_MT_driver.tex [30] [31]
Underfull \vbox (badness 10000) has occurred while \output is active []

 [32]
Underfull \vbox (badness 10000) has occurred while \output is active []

 [33]
Underfull \vbox (badness 10000) has occurred while \output is active []

 [34]
Underfull \vbox (badness 10000) has occurred while \output is active []

 [35]
Underfull \vbox (badness 10000) has occurred while \output is active []

 [36]
Underfull \vbox (badness 10000) has occurred while \output is active []

 [37])
(./LU_MPI_driver.tex [38] [39]
Underfull \vbox (badness 10000) has occurred while \output is active []

 [40]
Underfull \vbox (badness 10000) has occurred while \output is active []

 [41]
Underfull \vbox (badness 10000) has occurred while \output is active []

 [42]
Underfull \vbox (badness 10000) has occurred while \output is active []

 [43]
Underfull \vbox (badness 10000) has occurred while \output is active []

 [44]
Underfull \vbox (badness 10000) has occurred while \output is active []

 [45]
Underfull \vbox (badness 10000) has occurred while \output is active []

 [46]
Underfull \vbox (badness 10000) has occurred while \output is active []

 [47])
(./QR_serial_driver.tex [48] [49]
Underfull \vbox (badness 10000) has occurred while \output is active []

 [50]
Underfull \vbox (badness 10000) has occurred while \output is active []

 [51]
Underfull \vbox (badness 10000) has occurred while \output is active []

 [52]
Underfull \vbox (badness 10000) has occurred while \output is active []

 [53])
[54] (./main.aux) ) 
Here is how much of TeX's memory you used:
 350 strings out of 494923
 4536 string characters out of 6180742
 66604 words of memory out of 5000000
 3699 multiletter control sequences out of 15000+600000
 10666 words of font info for 39 fonts, out of 8000000 for 9000
 14 hyphenation exceptions out of 8191
 29i,11n,20p,158b,321s stack positions out of 5000i,500n,10000p,200000b,80000s
</usr/share/texlive/texmf-dist/fonts/type1/public/amsfonts/c
m/cmbx10.pfb></usr/share/texlive/texmf-dist/fonts/type1/public/amsfonts/cm/cmbx
12.pfb></usr/share/texlive/texmf-dist/fonts/type1/public/amsfonts/cm/cmbx8.pfb>
</usr/share/texlive/texmf-dist/fonts/type1/public/amsfonts/cm/cmex10.pfb></usr/
share/texlive/texmf-dist/fonts/type1/public/amsfonts/cm/cmmi10.pfb></usr/share/
texlive/texmf-dist/fonts/type1/public/amsfonts/cm/cmmi12.pfb></usr/share/texliv
e/texmf-dist/fonts/type1/public/amsfonts/cm/cmmi6.pfb></usr/share/texlive/texmf
-dist/fonts/type1/public/amsfonts/cm/cmmi7.pfb></usr/share/texlive/texmf-dist/f
onts/type1/public/amsfonts/cm/cmmi8.pfb></usr/share/texlive/texmf-dist/fonts/ty
pe1/public/amsfonts/cm/cmr10.pfb></usr/share/texlive/texmf-dist/fonts/type1/pub
lic/amsfonts/cm/cmr12.pfb></usr/share/texlive/texmf-dist/fonts/type1/public/ams
fonts/cm/cmr17.pfb></usr/share/texlive/texmf-dist/fonts/type1/public/amsfonts/c
m/cmr6.pfb></usr/share/texlive/texmf-dist/fonts/type1/public/amsfonts/cm/cmr7.p
fb></usr/share/texlive/texmf-dist/fonts/type1/public/amsfonts/cm/cmr8.pfb></usr
/share/texlive/texmf-dist/fonts/type1/public/amsfonts/cm/cmsl10.pfb></usr/share
/texlive/texmf-dist/fonts/type1/public/amsfonts/cm/cmsy10.pfb></usr/share/texli
ve/texmf-dist/fonts/type1/public/amsfonts/cm/cmsy6.pfb></usr/share/texlive/texm
f-dist/fonts/type1/public/amsfonts/cm/cmsy8.pfb></usr/share/texlive/texmf-dist/
fonts/type1/public/amsfonts/cm/cmti10.pfb></usr/share/texlive/texmf-dist/fonts/
type1/public/amsfonts/cm/cmtt10.pfb></usr/share/texlive/texmf-dist/fonts/type1/
public/amsfonts/cm/cmtt12.pfb></usr/share/texlive/texmf-dist/fonts/type1/public
/amsfonts/cm/cmtt8.pfb>
Output written on main.pdf (54 pages, 342825 bytes).
PDF statistics:
 271 PDF objects out of 1000 (max. 8388607)
 190 compressed objects within 2 object streams
 0 named destinations out of 1000 (max. 500000)
 1 words of extra memory for PDF output out of 10000 (max. 10000000)

