This is TeX, Version 3.14159 (C version 6.1) (format=latex 97.4.4)  16 JAN 1999 15:28
**main
(main.tex
LaTeX2e <1996/12/01> patch level 1
Babel <v3.6h> and hyphenation patterns for english, german, loaded.
(/home/tex/teTeX/texmf/tex/latex/base/latex209.def
File: latex209.def 1996/05/21 v0.51 Standard LaTeX file

Entering LaTeX 2.09 compatibility mode.
\footheight=\dimen102
\@maxsep=\dimen103
\@dblmaxsep=\dimen104
\@cla=\count79
\@clb=\count80
\mscount=\count81
(/home/tex/teTeX/texmf/tex/latex/base/tracefnt.sty
Package: tracefnt 1996/07/26 v3.0i Standard LaTeX package (font tracing)
\tracingfonts=\count82
LaTeX Info: Redefining \selectfont on input line 139.
)
\symbold=\mathgroup4
\symsans=\mathgroup5
\symtypewriter=\mathgroup6
\symitalic=\mathgroup7
\symsmallcaps=\mathgroup8
\symslanted=\mathgroup9
LaTeX Font Info:    Redeclaring math alphabet \mathbf on input line 306.
LaTeX Font Info:    Redeclaring math alphabet \mathsf on input line 307.
LaTeX Font Info:    Redeclaring math alphabet \mathtt on input line 308.
LaTeX Font Info:    Redeclaring math alphabet \mathit on input line 314.
LaTeX Info: Redefining \em on input line 324.

(/home/tex/teTeX/texmf/tex/latex/base/latexsym.sty
Package: latexsym 1996/11/20 v2.2d Standard LaTeX package (lasy symbols)
\symlasy=\mathgroup10
LaTeX Font Info:    Overwriting symbol font `lasy' in version `bold'
(Font)                  U/lasy/m/n --> U/lasy/b/n on input line 85.
)
LaTeX Font Info:    Redeclaring math delimiter \lgroup on input line 388.
LaTeX Font Info:    Redeclaring math delimiter \rgroup on input line 390.
LaTeX Font Info:    Redeclaring math delimiter \bracevert on input line 392.

(/home/tex/teTeX/texmf/tex/latex/config/latex209.cfg
(/home/tex/teTeX/texmf/tex/latex/tools/rawfonts.sty
Compatibility mode: package `' requested, but `rawfonts' provided.
Package: rawfonts 1994/05/08 Low-level LaTeX 2.09 font compatibility

(/home/tex/teTeX/texmf/tex/latex/tools/somedefs.sty
Package: somedefs 1994/06/01 Toolkit for optional definitions
)
LaTeX Font Info:    Try loading font information for U+lasy on input line 36.

(/home/tex/teTeX/texmf/tex/latex/base/ulasy.fd
File: ulasy.fd 1996/11/20 v2.2dLaTeX symbol font definitions
))))
(/home/tex/teTeX/texmf/tex/latex/base/report.cls
Document Class: report 1996/10/31 v1.3u Standard LaTeX document class
(/home/tex/teTeX/texmf/tex/latex/base/leqno.clo
File: leqno.clo 1996/07/26 v1.1b Standard LaTeX option (left equation numbers)
)
(/home/tex/teTeX/texmf/tex/latex/base/size11.clo
File: size11.clo 1996/10/31 v1.3u Standard LaTeX file (size option)
)
\c@part=\count83
\c@chapter=\count84
\c@section=\count85
\c@subsection=\count86
\c@subsubsection=\count87
\c@paragraph=\count88
\c@subparagraph=\count89
\c@figure=\count90
\c@table=\count91
\abovecaptionskip=\skip41
\belowcaptionskip=\skip42
Compatibility mode: definition of \rm ignored.
Compatibility mode: definition of \sf ignored.
Compatibility mode: definition of \tt ignored.
Compatibility mode: definition of \bf ignored.
Compatibility mode: definition of \it ignored.
Compatibility mode: definition of \sl ignored.
Compatibility mode: definition of \sc ignored.
LaTeX Info: Redefining \cal on input line 622.
LaTeX Info: Redefining \mit on input line 623.
\bibindent=\dimen105
)
(/home/tex/teTeX/texmf/tex/generic/local/psfig/psfig.tex
\@unused=\write3
\ps@stream=\read1
\p@intvaluex=\dimen106
\p@intvaluey=\dimen107

psfig/tex 1.10-dvips
)
\@indexfile=\write4

Writing index file main.idx
(main.aux)
LaTeX Font Info:    Checking defaults for OML/cmm/m/it on input line 20.
LaTeX Font Info:    ... okay on input line 20.
LaTeX Font Info:    Checking defaults for T1/cmr/m/n on input line 20.
LaTeX Font Info:    ... okay on input line 20.
LaTeX Font Info:    Checking defaults for OT1/cmr/m/n on input line 20.
LaTeX Font Info:    ... okay on input line 20.
LaTeX Font Info:    Checking defaults for OMS/cmsy/m/n on input line 20.
LaTeX Font Info:    ... okay on input line 20.
LaTeX Font Info:    Checking defaults for OMX/cmex/m/n on input line 20.
LaTeX Font Info:    ... okay on input line 20.
LaTeX Font Info:    Checking defaults for U/cmr/m/n on input line 20.
LaTeX Font Info:    ... okay on input line 20.
 (intro.tex
Chapter 1.
LaTeX Font Info:    External font `cmex10' loaded for size
(Font)              <10.95> on input line 5.
LaTeX Font Info:    External font `cmex10' loaded for size
(Font)              <8> on input line 5.
LaTeX Font Info:    External font `cmex10' loaded for size
(Font)              <6> on input line 5.
LaTeX Font Info:    Try loading font information for OMS+cmr on input line 16.
(/home/tex/teTeX/texmf/tex/latex/base/omscmr.fd
File: omscmr.fd 1997/01/14 v2.5a Standard LaTeX font definitions
)
LaTeX Font Info:    Font shape `OMS/cmr/m/n' in size <10.95> not available
(Font)              Font shape `OMS/cmsy/m/n' tried instead on input line 16.
 [1


]
psfig: searching ../../FrontMtx/doc/simple.eps for bounding box
psfig: including ../../FrontMtx/doc/simple.eps 
[2] [3]) (dataStructure.tex [4]
Overfull \hbox (12.9766pt too wide) in paragraph at lines 54--59
[]\OT1/cmtt/m/n/10.95 Tree *tree \OT1/cmr/m/n/10.95 : Tree ob-ject that holds t
he tree of fronts. Note, nor-mally this is \OT1/cmtt/m/n/10.95 frontETree->tree
\OT1/cmr/m/n/10.95 ,
 []

[5]) (proto.tex [6] [7] [8] [9] [10]
Overfull \hbox (0.26903pt too wide) in paragraph at lines 411--411
 []   \OT1/cmtt/m/n/10.95 int parent[], ChvList *aggList, ChvList *postList, Ch
vManager *chvmanager,[] 
 []


Overfull \hbox (11.7664pt too wide) in paragraph at lines 463--463
 []                               \OT1/cmtt/m/n/10.95 char inactiveFlag, int ms
glvl, FILE *msgFile ) ;[] 
 []

[11]
Overfull \hbox (6.01772pt too wide) in paragraph at lines 529--529
 []                       \OT1/cmtt/m/n/10.95 char status[], DV *tempDV, int ms
glvl, FILE *msgFile) ;[] 
 []

[12]
Overfull \hbox (0.26903pt too wide) in paragraph at lines 610--610
 []\OT1/cmtt/m/n/10.95 Chv * FrontMtx_factorInpMtx ( FrontMtx *frontmtx, InpMtx
 *inpmtx, double tau,[] 
 []


Overfull \hbox (0.26903pt too wide) in paragraph at lines 610--610
 []                   \OT1/cmtt/m/n/10.95 double cpus[], int stats[],  int msgl
vl, FILE *msgFile ) ;[] 
 []


Overfull \hbox (0.26903pt too wide) in paragraph at lines 610--610
 []\OT1/cmtt/m/n/10.95 Chv * FrontMtx_factorPencil ( FrontMtx *frontmtx, Pencil
 *pencil, double tau,[] 
 []


Overfull \hbox (0.26903pt too wide) in paragraph at lines 610--610
 []                   \OT1/cmtt/m/n/10.95 double cpus[], int stats[],  int msgl
vl, FILE *msgFile ) ;[] 
 []

[13]
Overfull \hbox (2.58154pt too wide) in paragraph at lines 717--725
\OT1/cmr/m/it/10.95 Error check-ing: \OT1/cmr/m/n/10.95 If \OT1/cmtt/m/n/10.95 
frontmtx\OT1/cmr/m/n/10.95 , \OT1/cmtt/m/n/10.95 mtxA\OT1/cmr/m/n/10.95 , \OT1/
cmtt/m/n/10.95 rowsIVL\OT1/cmr/m/n/10.95 , \OT1/cmtt/m/n/10.95 firstnz\OT1/cmr/
m/n/10.95 , \OT1/cmtt/m/n/10.95 updlist\OT1/cmr/m/n/10.95 , \OT1/cmtt/m/n/10.95
 chvmanager\OT1/cmr/m/n/10.95 , \OT1/cmtt/m/n/10.95 status\OT1/cmr/m/n/10.95 , 
\OT1/cmtt/m/n/10.95 colmap\OT1/cmr/m/n/10.95 ,
 []

[14]
Overfull \hbox (46.25853pt too wide) in paragraph at lines 765--765
 []                                \OT1/cmtt/m/n/10.95 ChvManager *chvmanager, 
int msglvl, FILE *msgFile ) ;[] 
 []

LaTeX Font Info:    External font `cmex10' loaded for size
(Font)              <12> on input line 779.

Overfull \hbox (0.26903pt too wide) in paragraph at lines 833--833
 []\OT1/cmtt/m/n/10.95 void FrontMtx_postProcess ( FrontMtx *frontmtx, int msgl
vl, FILE *msgFile ) ;[] 
 []

[15]
Overfull \hbox (40.50984pt too wide) in paragraph at lines 891--891
 []\OT1/cmtt/m/n/10.95 void FrontMtx_splitUpperMatrices ( FrontMtx *frontmtx, i
nt msglvl, FILE *msgFile ) ;[] 
 []


Overfull \hbox (40.50984pt too wide) in paragraph at lines 891--891
 []\OT1/cmtt/m/n/10.95 void FrontMtx_splitLowerMatrices ( FrontMtx *frontmtx, i
nt msglvl, FILE *msgFile ) ;[] 
 []

[16]
Overfull \hbox (11.7664pt too wide) in paragraph at lines 979--979
 []\OT1/cmtt/m/n/10.95 IP ** FrontMtx_forwardSetup ( FrontMtx *frontmtx, int ms
glvl, FILE *msgFile ) ;[] 
 []


Overfull \hbox (17.51509pt too wide) in paragraph at lines 993--993
 []\OT1/cmtt/m/n/10.95 IP ** FrontMtx_backwardSetup ( FrontMtx *frontmtx, int m
sglvl, FILE *msgFile ) ;[] 
 []

[17]
Overfull \hbox (17.51509pt too wide) in paragraph at lines 1024--1024
 []         \OT1/cmtt/m/n/10.95 SubMtxManager *mtxmanager, double cpus[], int m
sglvl, FILE *msgFile ) ;[] 
 []

[18]
LaTeX Font Info:    Try loading font information for OMS+cmtt on input line 114
2.
LaTeX Font Info:    No file OMScmtt.fd. on input line 1142.
LaTeX Font Warning: Font shape `OMS/cmtt/m/n' undefined
(Font)              using `OMS/cmsy/m/n' instead
(Font)              for symbol `textbraceleft' on input line 1142.

Overfull \hbox (34.76115pt too wide) in paragraph at lines 1165--1165
 []\OT1/cmtt/m/n/10.95 void FrontMtx_inertia ( FrontMtx *frontmtx, int *pnneg, 
int *pnzero, int *pnpos ) ;[] 
 []

[19] [20]) (drivers.tex [21] [22]) (main.ind [23] [24

] [25

]) (main.aux)
LaTeX Font Warning: Some font shapes were not available, defaults substituted.
 ) 
Here is how much of TeX's memory you used:
 836 strings out of 10908
 8802 string characters out of 72189
 54462 words of memory out of 262141
 3678 multiletter control sequences out of 9500
 23753 words of font info for 89 fonts, out of 150000 for 255
 14 hyphenation exceptions out of 607
 22i,7n,21p,313b,426s stack positions out of 300i,40n,60p,3000b,4000s

Output written on main.dvi (25 pages, 81688 bytes).
