make: Entering directory '/media/ihor/WORK/Calculix/ccx_cae/ccx_linux/ccx_free_form_fortran'
cc -Wall -O3 -fopenmp -I ../SPOOLES.2.2 -DARCH="Linux" -DSPOOLES -DARPACK -DMATRIXSTORAGE -DUSE_MT=1 -c frd.c
ar vr ccx_2.15_MT.a frd.o
r - frd.o
./date.pl; cc -Wall -O3 -fopenmp -I ../SPOOLES.2.2 -DARCH="Linux" -DSPOOLES -DARPACK -DMATRIXSTORAGE -DUSE_MT=1 -c ccx_2.15.c; gfortran -fopenmp -Wall -O3 -o ccx_2.15_MT ccx_2.15.o ccx_2.15_MT.a ../SPOOLES.2.2/MT/src/spoolesMT.a ../SPOOLES.2.2/spooles.a ../ARPACK/libarpack_INTEL.a -lpthread -lm
ccx_2.15.c: In function ‘main’:
ccx_2.15.c:1472:18: warning: ‘nkon0’ may be used uninitialized in this function [-Wmaybe-uninitialized]
ne=ne0;nkon=nkon0;
~~~~^~~~~~
In file included from ccx_2.15.c:30:0:
CalculiX.h:43:29: warning: ‘ne0’ may be used uninitialized in this function [-Wmaybe-uninitialized]
#define RENEW(a,b,c) a=(b *)u_realloc((b *)(a),(c)*sizeof(b),__FILE__,__LINE__,#a)
^~~~~~~~~
ccx_2.15.c:68:43: note: ‘ne0’ was declared here
iprestr,kode,isolver=0,nslavs=0,nkon_=0,ne0,nkon0,mortar=0,
^~~
ccx_2.15.c:769:61: warning: ‘nxstate’ may be used uninitialized in this function [-Wmaybe-uninitialized]
for(i=nxstate;i<nstate_*mi[0]*(ne+nintpoint);i++){xstate[i]=0.;}
~~~~~~~~~^~~
make: Leaving directory '/media/ihor/WORK/Calculix/ccx_cae/ccx_linux/ccx_free_form_fortran'
make: Entering directory '/media/ihor/WORK/Calculix/ccx_cae/ccx_linux/ccx_free_form_fortran'
cc -Wall -O3 -fopenmp -I ../SPOOLES.2.2 -DARCH="Linux" -DSPOOLES -DARPACK -DMATRIXSTORAGE -DUSE_MT=1 -c frd.c
ar vr ccx_2.15_MT.a frd.o
r - frd.o
./date.pl; cc -Wall -O3 -fopenmp -I ../SPOOLES.2.2 -DARCH="Linux" -DSPOOLES -DARPACK -DMATRIXSTORAGE -DUSE_MT=1 -c ccx_2.15.c; gfortran -fopenmp -Wall -O3 -o ccx_2.15_MT ccx_2.15.o ccx_2.15_MT.a ../SPOOLES.2.2/MT/src/spoolesMT.a ../SPOOLES.2.2/spooles.a ../ARPACK/libarpack_INTEL.a -lpthread -lm
ccx_2.15.c: In function ‘main’:
ccx_2.15.c:1472:18: warning: ‘nkon0’ may be used uninitialized in this function [-Wmaybe-uninitialized]
ne=ne0;nkon=nkon0;
~~~~^~~~~~
In file included from ccx_2.15.c:30:0:
CalculiX.h:43:29: warning: ‘ne0’ may be used uninitialized in this function [-Wmaybe-uninitialized]
#define RENEW(a,b,c) a=(b *)u_realloc((b *)(a),(c)*sizeof(b),__FILE__,__LINE__,#a)
^~~~~~~~~
ccx_2.15.c:68:43: note: ‘ne0’ was declared here
iprestr,kode,isolver=0,nslavs=0,nkon_=0,ne0,nkon0,mortar=0,
^~~
ccx_2.15.c:769:61: warning: ‘nxstate’ may be used uninitialized in this function [-Wmaybe-uninitialized]
for(i=nxstate;i<nstate_*mi[0]*(ne+nintpoint);i++){xstate[i]=0.;}
~~~~~~~~~^~~
make: Leaving directory '/media/ihor/WORK/Calculix/ccx_cae/ccx_linux/ccx_free_form_fortran'
make: Entering directory '/media/ihor/WORK/Calculix/ccx_cae/ccx_linux/ccx_free_form_fortran'
cc -Wall -O3 -fopenmp -I ../SPOOLES.2.2 -DARCH="Linux" -DSPOOLES -DARPACK -DMATRIXSTORAGE -DUSE_MT=1 -c frd.c
ar vr ccx_2.15_MT.a frd.o
r - frd.o
./date.pl; cc -Wall -O3 -fopenmp -I ../SPOOLES.2.2 -DARCH="Linux" -DSPOOLES -DARPACK -DMATRIXSTORAGE -DUSE_MT=1 -c ccx_2.15.c; gfortran -fopenmp -Wall -O3 -o ccx_2.15_MT ccx_2.15.o ccx_2.15_MT.a ../SPOOLES.2.2/MT/src/spoolesMT.a ../SPOOLES.2.2/spooles.a ../ARPACK/libarpack_INTEL.a -lpthread -lm
ccx_2.15.c: In function ‘main’:
ccx_2.15.c:1472:18: warning: ‘nkon0’ may be used uninitialized in this function [-Wmaybe-uninitialized]
ne=ne0;nkon=nkon0;
~~~~^~~~~~
In file included from ccx_2.15.c:30:0:
CalculiX.h:43:29: warning: ‘ne0’ may be used uninitialized in this function [-Wmaybe-uninitialized]
#define RENEW(a,b,c) a=(b *)u_realloc((b *)(a),(c)*sizeof(b),__FILE__,__LINE__,#a)
^~~~~~~~~
ccx_2.15.c:68:43: note: ‘ne0’ was declared here
iprestr,kode,isolver=0,nslavs=0,nkon_=0,ne0,nkon0,mortar=0,
^~~
ccx_2.15.c:769:61: warning: ‘nxstate’ may be used uninitialized in this function [-Wmaybe-uninitialized]
for(i=nxstate;i<nstate_*mi[0]*(ne+nintpoint);i++){xstate[i]=0.;}
~~~~~~~~~^~~
make: Leaving directory '/media/ihor/WORK/Calculix/ccx_cae/ccx_linux/ccx_free_form_fortran'
