This is TeX, Version 3.1415 (C version 6.1) (format=lplain 94.11.14)  2 JUN 1998 13:52
**main
(main.tex
LaTeX Version 2.09 <25 March 1992>
(/usr/local/lib/texmf/tex/latex209/report.sty
Standard Document Style `report' <14 Jan 92>.
(/usr/local/lib/texmf/tex/latex209/rep11.sty)
\descriptionmargin=\dimen99
\c@part=\count79
\c@chapter=\count80
\c@section=\count81
\c@subsection=\count82
\c@subsubsection=\count83
\c@paragraph=\count84
\c@subparagraph=\count85
\c@figure=\count86
\c@table=\count87

(/usr/local/lib/texmf/tex/latex209/titlepag.sty
Document Style Option `titlepage' -- Released 16 June 1991.
)) (/usr/local/lib/texmf/tex/latex209/leqno.sty
Document style option `leqno' - released 29 Sep 1991
)
\@indexfile=\write3

Writing index file main.idx 
(main.aux) (intro.tex
Chapter 1.
LaTeX Warning: No \tt typeface in this size, using \rm on input line 1.
) (dataStructure.tex [1


]) (proto.tex [2] [3]
Overfull \hbox (18.7287pt too wide) in paragraph at lines 208--214
[]\elvrm This is the to-tal ini-tial-iza-tion method. Any pre-vi-ous data is cl
eared with a call to \elvtt IV[]clearData()\elvrm .

\hbox(7.60416+2.12917)x442.37993, glue set - 1.0
.\hbox(0.0+0.0)x0.0
.\elvrm T
.\elvrm h
.\elvrm i
.\elvrm s
.etc.

[4] [5] [6] [7]
Overfull \hbox (28.58224pt too wide) in paragraph at lines 600--607
[]\elvrm This method writes an \elvtt IV \elvrm ob-ject to a file in a hu-man r
ead-able for-mat. The method \elvtt IV[]writeStats()

\hbox(7.60416+2.12917)x442.37993, glue set - 1.0
.\hbox(0.0+0.0)x0.0
.\elvrm T
.\elvrm h
.\elvrm i
.\elvrm s
.etc.

) (drivers.tex [8]) (main.ind [9] [10

]) (main.aux) ) 
Here is how much of TeX's memory you used:
 209 strings out of 11977
 2165 string characters out of 87269
 33504 words of memory out of 262141
 2143 multiletter control sequences out of 9500
 19780 words of font info for 75 fonts, out of 100000 for 255
 14 hyphenation exceptions out of 607
 14i,5n,17p,179b,226s stack positions out of 300i,40n,60p,3000b,4000s

Output written on main.dvi (10 pages, 29420 bytes).
