This is TeX, Version 3.1415 (C version 6.1) (format=lplain 94.11.14)  6 SEP 1997 09:04
**main
(main.tex
LaTeX Version 2.09 <25 March 1992>
(/usr/local/lib/texmf/tex/latex209/report.sty
Standard Document Style `report' <14 Jan 92>.
(/usr/local/lib/texmf/tex/latex209/rep11.sty)
\descriptionmargin=\dimen99
\c@part=\count79
\c@chapter=\count80
\c@section=\count81
\c@subsection=\count82
\c@subsubsection=\count83
\c@paragraph=\count84
\c@subparagraph=\count85
\c@figure=\count86
\c@table=\count87

(/usr/local/lib/texmf/tex/latex209/titlepag.sty
Document Style Option `titlepage' -- Released 16 June 1991.
)) (/usr/local/lib/texmf/tex/latex209/leqno.sty
Document style option `leqno' - released 29 Sep 1991
)
\@indexfile=\write3

Writing index file main.idx 
(main.aux) (intro.tex
Chapter 1.
LaTeX Warning: No \tt typeface in this size, using \rm on input line 1.
) (dataStructure.tex) (proto.tex [1


]
Overfull \hbox (13.06998pt too wide) in paragraph at lines 42--49
\elvrm to \elvtt IVfree()\elvrm . The struc-ture's de-fault fields are then set
 with a call to \elvtt Perm[]setDefaultFields()\elvrm . 

\hbox(7.60416+0.91246)x442.37993, glue set - 1.0
.\elvrm t
.\elvrm o
.\glue 3.65 plus 1.825 minus 1.21666
.\elvtt I
.\elvtt V
.etc.


Overfull \hbox (22.10481pt too wide) in paragraph at lines 80--90
[]\elvrm This method is the pri-mary ini-tial-izer. It clears any pre-vi-ous da
ta with a call to \elvtt Perm[]clearData()\elvrm .

\hbox(7.60416+2.12917)x442.37993, glue set - 1.0
.\hbox(0.0+0.0)x0.0
.\elvrm T
.\elvrm h
.\elvrm i
.\elvrm s
.etc.

[2] [3] [4]) (main.ind [5] [6


]) (main.aux) ) 
Here is how much of TeX's memory you used:
 204 strings out of 11977
 2105 string characters out of 87269
 33459 words of memory out of 262141
 2141 multiletter control sequences out of 9500
 19780 words of font info for 75 fonts, out of 100000 for 255
 14 hyphenation exceptions out of 607
 13i,6n,17p,181b,199s stack positions out of 300i,40n,60p,3000b,4000s

Output written on main.dvi (6 pages, 13512 bytes).
