This is TeX, Version 3.14159 (C version 6.1) (format=latex 97.4.4)  16 JAN 1999 16:28
**main
(main.tex
LaTeX2e <1996/12/01> patch level 1
Babel <v3.6h> and hyphenation patterns for english, german, loaded.
(/home/tex/teTeX/texmf/tex/latex/base/report.cls
Document Class: report 1996/10/31 v1.3u Standard LaTeX document class
(/home/tex/teTeX/texmf/tex/latex/base/leqno.clo
File: leqno.clo 1996/07/26 v1.1b Standard LaTeX option (left equation numbers)
)
(/home/tex/teTeX/texmf/tex/latex/base/size10.clo
File: size10.clo 1996/10/31 v1.3u Standard LaTeX file (size option)
)
\c@part=\count79
\c@chapter=\count80
\c@section=\count81
\c@subsection=\count82
\c@subsubsection=\count83
\c@paragraph=\count84
\c@subparagraph=\count85
\c@figure=\count86
\c@table=\count87
\abovecaptionskip=\skip41
\belowcaptionskip=\skip42
\bibindent=\dimen102
)
\@indexfile=\write3

Writing index file main.idx
(main.aux)
LaTeX Font Info:    Checking defaults for OML/cmm/m/it on input line 17.
LaTeX Font Info:    ... okay on input line 17.
LaTeX Font Info:    Checking defaults for T1/cmr/m/n on input line 17.
LaTeX Font Info:    ... okay on input line 17.
LaTeX Font Info:    Checking defaults for OT1/cmr/m/n on input line 17.
LaTeX Font Info:    ... okay on input line 17.
LaTeX Font Info:    Checking defaults for OMS/cmsy/m/n on input line 17.
LaTeX Font Info:    ... okay on input line 17.
LaTeX Font Info:    Checking defaults for OMX/cmex/m/n on input line 17.
LaTeX Font Info:    ... okay on input line 17.
LaTeX Font Info:    Checking defaults for U/cmr/m/n on input line 17.
LaTeX Font Info:    ... okay on input line 17.
 (intro.tex
Chapter 1.
) (dataStructure.tex
LaTeX Font Info:    External font `cmex10' loaded for size
(Font)              <7> on input line 13.
LaTeX Font Info:    External font `cmex10' loaded for size
(Font)              <5> on input line 13.

Overfull \hbox (0.87425pt too wide) in paragraph at lines 30--34
[]\OT1/cmr/m/n/10 The \OT1/cmtt/m/n/10 MatMulInfo \OT1/cmr/m/n/10 ob-ject store
s all the nec-es-sary in-for-ma-tion to make this hap-pen. There is one \OT1/cm
tt/m/n/10 MatMulInfo
 []

LaTeX Font Info:    Try loading font information for OMS+cmr on input line 36.
(/home/tex/teTeX/texmf/tex/latex/base/omscmr.fd
File: omscmr.fd 1997/01/14 v2.5a Standard LaTeX font definitions
)
LaTeX Font Info:    Font shape `OMS/cmr/m/n' in size <10> not available
(Font)              Font shape `OMS/cmsy/m/n' tried instead on input line 36.
 [1


]) (proto.tex
Overfull \hbox (59.838pt too wide) in paragraph at lines 97--1
[]\OT1/cmr/m/n/10 See the meth-ods \OT1/cmtt/m/n/10 MatMul[]MPI[]setup()\OT1/cm
r/m/n/10 , \OT1/cmtt/m/n/10 MatMul[]setLocalIndices()\OT1/cmr/m/n/10 , \OT1/cmt
t/m/n/10 MatMul[]setGlobalIndices()\OT1/cmr/m/n/10 , \OT1/cmtt/m/n/10 MatMul[]M
PI[]mmm()
 []

[2] [3]
Overfull \hbox (31.97972pt too wide) in paragraph at lines 249--256
\OT1/cmr/m/n/10 dis-tributed matrix-matrix mul-ti-ply. The gather op-er-a-tion 
$\OML/cmm/m/it/10 X[] \OMS/cmsy/m/n/10   \OML/cmm/m/it/10 X$ \OT1/cmr/m/n/10 is
 per-formed by \OT1/cmtt/m/n/10 DenseMtx[]MPI[]gatherRows()\OT1/cmr/m/n/10 ,
 []

[4]
LaTeX Font Info:    Try loading font information for OMS+cmtt on input line 352
.
LaTeX Font Info:    No file OMScmtt.fd. on input line 352.


LaTeX Font Warning: Font shape `OMS/cmtt/m/n' undefined
(Font)              using `OMS/cmsy/m/n' instead
(Font)              for symbol `textbraceleft' on input line 352.

[5] [6]
Overfull \hbox (11.99106pt too wide) in paragraph at lines 517--517
 []\OT1/cmtt/m/n/10 void FrontMtx_MPI_permuteUpperAdj ( FrontMtx *frontmtx, IV 
*frontOwnersIV, int stats[],[] 
 []


Overfull \hbox (11.99106pt too wide) in paragraph at lines 517--517
 []                             \OT1/cmtt/m/n/10 int msglvl, FILE *msgFile, int
 firsttag, MPI_Comm comm ) ;[] 
 []


Overfull \hbox (11.99106pt too wide) in paragraph at lines 517--517
 []\OT1/cmtt/m/n/10 void FrontMtx_MPI_permuteLowerAdj ( FrontMtx *frontmtx, IV 
*frontOwnersIV, int stats[],[] 
 []


Overfull \hbox (11.99106pt too wide) in paragraph at lines 517--517
 []                             \OT1/cmtt/m/n/10 int msglvl, FILE *msgFile, int
 firsttag, MPI_Comm comm ) ;[] 
 []

[7] [8] [9] [10] [11]
Overfull \hbox (11.99106pt too wide) in paragraph at lines 981--981
 []\OT1/cmtt/m/n/10 void * makeSendRecvIVLs ( IV *supportedIV, IV *globalmapIV,
 IVL *sendIVL, IVL *recvIVL,[] 
 []


Overfull \hbox (11.99106pt too wide) in paragraph at lines 981--981
 []                \OT1/cmtt/m/n/10 int stats[], int msglvl, FILE *msgFile, int
 firsttag, MPI_Comm comm ) ;[] 
 []

) (drivers.tex [12] [13]

LaTeX Warning: Reference `chapter:Graph' on page 14 undefined on input line 225
.

[14] [15]
Overfull \hbox (31.23914pt too wide) in paragraph at lines 409--426
[]\OT1/cmr/m/n/10 This driver pro-gram tests the dis-tributed \OT1/cmtt/m/n/10 
IVL[]MPI[]alltoall() \OT1/cmr/m/n/10 method. This is used by the \OT1/cmtt/m/n/
10 makeSendRecvIVLs
 []

[16] [17] [18] [19]) (main.ind [20] [21


]) (main.aux)

LaTeX Font Warning: Some font shapes were not available, defaults substituted.


LaTeX Warning: There were undefined references.

 ) 
Here is how much of TeX's memory you used:
 329 strings out of 10908
 3446 string characters out of 72189
 52228 words of memory out of 262141
 3242 multiletter control sequences out of 9500
 8080 words of font info for 31 fonts, out of 150000 for 255
 14 hyphenation exceptions out of 607
 23i,6n,21p,158b,430s stack positions out of 300i,40n,60p,3000b,4000s

Output written on main.dvi (21 pages, 86648 bytes).
