This is TeX, Version 3.14159 (C version 6.1) (format=latex 97.4.4)  16 JAN 1999 15:44
**main
(main.tex
LaTeX2e <1996/12/01> patch level 1
Babel <v3.6h> and hyphenation patterns for english, german, loaded.
(/home/tex/teTeX/texmf/tex/latex/base/report.cls
Document Class: report 1996/10/31 v1.3u Standard LaTeX document class
(/home/tex/teTeX/texmf/tex/latex/base/leqno.clo
File: leqno.clo 1996/07/26 v1.1b Standard LaTeX option (left equation numbers)
)
(/home/tex/teTeX/texmf/tex/latex/base/size10.clo
File: size10.clo 1996/10/31 v1.3u Standard LaTeX file (size option)
)
\c@part=\count79
\c@chapter=\count80
\c@section=\count81
\c@subsection=\count82
\c@subsubsection=\count83
\c@paragraph=\count84
\c@subparagraph=\count85
\c@figure=\count86
\c@table=\count87
\abovecaptionskip=\skip41
\belowcaptionskip=\skip42
\bibindent=\dimen102
)
(/home/tex/teTeX/texmf/tex/generic/local/psfig/psfig.tex
\@unused=\write3
\ps@stream=\read1
\p@intvaluex=\dimen103
\p@intvaluey=\dimen104

psfig/tex 1.10-dvips
)
\@indexfile=\write4

Writing index file main.idx
(main.aux)
LaTeX Font Info:    Checking defaults for OML/cmm/m/it on input line 19.
LaTeX Font Info:    ... okay on input line 19.
LaTeX Font Info:    Checking defaults for T1/cmr/m/n on input line 19.
LaTeX Font Info:    ... okay on input line 19.
LaTeX Font Info:    Checking defaults for OT1/cmr/m/n on input line 19.
LaTeX Font Info:    ... okay on input line 19.
LaTeX Font Info:    Checking defaults for OMS/cmsy/m/n on input line 19.
LaTeX Font Info:    ... okay on input line 19.
LaTeX Font Info:    Checking defaults for OMX/cmex/m/n on input line 19.
LaTeX Font Info:    ... okay on input line 19.
LaTeX Font Info:    Checking defaults for U/cmr/m/n on input line 19.
LaTeX Font Info:    ... okay on input line 19.
 (intro.tex
Chapter 1.
LaTeX Font Info:    Try loading font information for OMS+cmr on input line 7.
(/home/tex/teTeX/texmf/tex/latex/base/omscmr.fd
File: omscmr.fd 1997/01/14 v2.5a Standard LaTeX font definitions
)
LaTeX Font Info:    Font shape `OMS/cmr/m/n' in size <10> not available
(Font)              Font shape `OMS/cmsy/m/n' tried instead on input line 7.
LaTeX Font Info:    External font `cmex10' loaded for size
(Font)              <7> on input line 22.
LaTeX Font Info:    External font `cmex10' loaded for size
(Font)              <5> on input line 22.
 [1


]) (dataStructure.tex
[2]
Overfull \hbox (10.7373pt too wide) in paragraph at lines 74--79
[]\OT1/cmtt/m/n/10 int maxnvector \OT1/cmr/m/n/10 -- present max-i-mum num-ber 
of vec-tors. This quan-tity is ini-tial-ized by the \OT1/cmtt/m/n/10 InpMtx[]in
it()
 []

[3]) (proto.tex [4] [5] [6]
Overfull \hbox (9.61465pt too wide) in paragraph at lines 390--400
[]\OT1/cmr/m/n/10 This method changes the co-or-di-nate type. If $[] = []$, the
 pro-gram re-turns. If $[] \OMS/cmsy/m/n/10 ^^U
 []

[7] [8] [9]
Overfull \hbox (34.11732pt too wide) in paragraph at lines 734--745
\OT1/cmtt/m/n/10 INPMTX[]BY[]CHEVRONS\OT1/cmr/m/n/10 , or if \OT1/cmtt/m/n/10 s
torageMode \OT1/cmr/m/n/10 is not one of \OT1/cmtt/m/n/10 INPMTX[]RAW[]DATA\OT1
/cmr/m/n/10 , \OT1/cmtt/m/n/10 INPMTX[]SORTED \OT1/cmr/m/n/10 or \OT1/cmtt/m/n/
10 INPMTX[]BY[]VECTORS\OT1/cmr/m/n/10 ,
 []


Overfull \hbox (6.7411pt too wide) in paragraph at lines 751--751
 []\OT1/cmtt/m/n/10 void InpMtx_nonsym_mmmVector ( InpMtx *A, DenseMtx *Y, doub
le alpha[], DenseMtx *X ) ;[] 
 []


Overfull \hbox (17.24101pt too wide) in paragraph at lines 751--751
 []\OT1/cmtt/m/n/10 void InpMtx_nonsym_mmmVector_T ( InpMtx *A, DenseMtx *Y, do
uble alpha[], DenseMtx *X ) ;[] 
 []


Overfull \hbox (17.24101pt too wide) in paragraph at lines 751--751
 []\OT1/cmtt/m/n/10 void InpMtx_nonsym_mmmVector_H ( InpMtx *A, DenseMtx *Y, do
uble alpha[], DenseMtx *X ) ;[] 
 []

[10]
Overfull \hbox (34.11732pt too wide) in paragraph at lines 787--798
\OT1/cmtt/m/n/10 INPMTX[]BY[]CHEVRONS\OT1/cmr/m/n/10 , or if \OT1/cmtt/m/n/10 s
torageMode \OT1/cmr/m/n/10 is not one of \OT1/cmtt/m/n/10 INPMTX[]RAW[]DATA\OT1
/cmr/m/n/10 , \OT1/cmtt/m/n/10 INPMTX[]SORTED \OT1/cmr/m/n/10 or \OT1/cmtt/m/n/
10 INPMTX[]BY[]VECTORS\OT1/cmr/m/n/10 ,
 []

[11]
Overfull \hbox (11.27731pt too wide) in paragraph at lines 964--972
\OT1/cmr/m/it/10 Error check-ing: \OT1/cmr/m/n/10 If \OT1/cmtt/m/n/10 inpmtxA \
OT1/cmr/m/n/10 is \OT1/cmtt/m/n/10 NULL\OT1/cmr/m/n/10 , or if the co-or-di-nat
e type is not \OT1/cmtt/m/n/10 INPMTX[]BY[]ROWS \OT1/cmr/m/n/10 or \OT1/cmtt/m/
n/10 INPMTX[]BY[]COLUMNS\OT1/cmr/m/n/10 ,
 []


Overfull \hbox (11.27731pt too wide) in paragraph at lines 980--988
\OT1/cmr/m/it/10 Error check-ing: \OT1/cmr/m/n/10 If \OT1/cmtt/m/n/10 inpmtxA \
OT1/cmr/m/n/10 is \OT1/cmtt/m/n/10 NULL\OT1/cmr/m/n/10 , or if the co-or-di-nat
e type is not \OT1/cmtt/m/n/10 INPMTX[]BY[]ROWS \OT1/cmr/m/n/10 or \OT1/cmtt/m/
n/10 INPMTX[]BY[]COLUMNS\OT1/cmr/m/n/10 ,
 []

[12] [13] [14]
Overfull \hbox (13.68219pt too wide) in paragraph at lines 1411--1418
[]\OT1/cmr/m/n/10 This method writes the ob-ject to a file suit-able for read-i
ng by a hu-man. The method \OT1/cmtt/m/n/10 InpMtx[]writeStats()
 []

[15]
LaTeX Font Info:    External font `cmex10' loaded for size
(Font)              <8> on input line 1469.
LaTeX Font Info:    External font `cmex10' loaded for size
(Font)              <6> on input line 1469.

Overfull \hbox (10.59344pt too wide) in paragraph at lines 1465--1471
\OT1/cmtt/m/n/10 readHB[]mat[]double() \OT1/cmr/m/n/10 from the Harwell-Boeing 
C IO rou-tines from NIST[], found in the \OT1/cmtt/m/n/10 misc/src/iohb.c
 []

) (drivers.tex [16] [17] [18] [19]
psfig: searching ../../InpMtx/doc/BCSSTK23.eps for bounding box
psfig: including ../../InpMtx/doc/BCSSTK23.eps 
[20] [21] [22]) (main.ind [23] [24

] [25

]) (main.aux)

LaTeX Warning: Label(s) may have changed. Rerun to get cross-references right.

 ) 
Here is how much of TeX's memory you used:
 553 strings out of 10908
 5755 string characters out of 72189
 55796 words of memory out of 262141
 3455 multiletter control sequences out of 9500
 10371 words of font info for 39 fonts, out of 150000 for 255
 14 hyphenation exceptions out of 607
 24i,8n,21p,159b,425s stack positions out of 300i,40n,60p,3000b,4000s

Output written on main.dvi (25 pages, 104472 bytes).
