This is TeX, Version 3.14159 (C version 6.1) (format=latex 97.4.4)  12 NOV 1998 13:46
**main
(main.tex
LaTeX2e <1996/12/01> patch level 1
Babel <v3.6h> and hyphenation patterns for english, german, loaded.
(/home/tex/teTeX/texmf/tex/latex/base/report.cls
Document Class: report 1996/10/31 v1.3u Standard LaTeX document class
(/home/tex/teTeX/texmf/tex/latex/base/leqno.clo
File: leqno.clo 1996/07/26 v1.1b Standard LaTeX option (left equation numbers)
)
(/home/tex/teTeX/texmf/tex/latex/base/size10.clo
File: size10.clo 1996/10/31 v1.3u Standard LaTeX file (size option)
)
\c@part=\count79
\c@chapter=\count80
\c@section=\count81
\c@subsection=\count82
\c@subsubsection=\count83
\c@paragraph=\count84
\c@subparagraph=\count85
\c@figure=\count86
\c@table=\count87
\abovecaptionskip=\skip41
\belowcaptionskip=\skip42
\bibindent=\dimen102
)
(/home/tex/teTeX/texmf/tex/latex/amslatex/amsmath.sty
Package: amsmath 1996/11/01 v1.2c AMS math features
\@mathmargin=\skip43

(/home/tex/teTeX/texmf/tex/latex/amslatex/amstext.sty
Package: amstext 1996/10/28 v1.2b

(/home/tex/teTeX/texmf/tex/latex/amslatex/amsgen.sty
File: amsgen 1996/10/29 v1.2b
\@emptytoks=\toks14
\ex@=\dimen103
))
(/home/tex/teTeX/texmf/tex/latex/amslatex/amsbsy.sty
Package: amsbsy 1996/10/28 v1.2b
\pmbraise@=\dimen104
)
(/home/tex/teTeX/texmf/tex/latex/amslatex/amsopn.sty
Package: amsopn 1996/10/28 v1.2b operator names
)
LaTeX Info: Redefining \frac on input line 188.
\uproot@=\count88
\leftroot@=\count89
\classnum@=\count90
\DOTSCASE@=\count91
LaTeX Info: Redefining \dots on input line 335.
LaTeX Info: Redefining \ldots on input line 418.
LaTeX Info: Redefining \cdots on input line 422.
\Mathstrutbox@=\box26
\strutbox@=\box27
\big@size=\dimen105
LaTeX Font Info:    Redeclaring font encoding OML on input line 500.
LaTeX Font Info:    Redeclaring font encoding OMS on input line 501.
\skewcharcount@=\count92
\familycount@=\count93
\pointcount@=\count94
\accentdimen@=\dimen106
\accentmu@=\count95
\minaw@=\dimen107
\c@MaxMatrixCols=\count96
\dotsspace@=\muskip10
\c@parentequation=\count97
\dspbrk@lvl=\count98
\tag@help=\toks15
\row@=\count99
\column@=\count100
\maxfields@=\count101
\andhelp@=\toks16
\eqnshift@=\dimen108
\alignsep@=\dimen109
\tagshift@=\dimen110
\tagwidth@=\dimen111
\totwidth@=\dimen112
\lineht@=\dimen113
\@envbody=\toks17
\multlinegap=\skip44
\multlinetaggap=\skip45
)
(/home/tex/teTeX/texmf/tex/generic/local/psfig/psfig.tex
\@unused=\write3
\ps@stream=\read1
\p@intvaluex=\dimen114
\p@intvaluey=\dimen115

psfig/tex 1.10-dvips
)
\@indexfile=\write4

Writing index file main.idx
(main.aux)
LaTeX Font Info:    Checking defaults for OML/cmm/m/it on input line 20.
LaTeX Font Info:    ... okay on input line 20.
LaTeX Font Info:    Checking defaults for T1/cmr/m/n on input line 20.
LaTeX Font Info:    ... okay on input line 20.
LaTeX Font Info:    Checking defaults for OT1/cmr/m/n on input line 20.
LaTeX Font Info:    ... okay on input line 20.
LaTeX Font Info:    Checking defaults for OMS/cmsy/m/n on input line 20.
LaTeX Font Info:    ... okay on input line 20.
LaTeX Font Info:    Checking defaults for OMX/cmex/m/n on input line 20.
LaTeX Font Info:    ... okay on input line 20.
LaTeX Font Info:    Checking defaults for U/cmr/m/n on input line 20.
LaTeX Font Info:    ... okay on input line 20.
 (intro.tex
Chapter 1.
LaTeX Font Info:    Try loading font information for OMS+cmr on input line 42.
(/home/tex/teTeX/texmf/tex/latex/base/omscmr.fd
File: omscmr.fd 1997/01/14 v2.5a Standard LaTeX font definitions
)
LaTeX Font Info:    Font shape `OMS/cmr/m/n' in size <10> not available
(Font)              Font shape `OMS/cmsy/m/n' tried instead on input line 42.
) (dataStructure.tex [1


]
Overfull \hbox (59.24767pt too wide) in paragraph at lines 14--18
[]\OT1/cmtt/m/n/10 int symmetryflag \OT1/cmr/m/n/10 : type of ma-trix sym-me-tr
y, \OT1/cmtt/m/n/10 SPOOLES[]SYMMETRIC\OT1/cmr/m/n/10 , \OT1/cmtt/m/n/10 SPOOLE
S[]HERMITIAN \OT1/cmr/m/n/10 or \OT1/cmtt/m/n/10 SPOOLES[]NONSYMMETRIC\OT1/cmr/
m/n/10 . 
 []

) (proto.tex
Overfull \hbox (7.96838pt too wide) in paragraph at lines 32--41
[]\OT1/cmr/m/n/10 This method sets the struc-ture's fields to de-fault val-ues:
 \OT1/cmtt/m/n/10 neqns \OT1/cmr/m/n/10 = 0, \OT1/cmtt/m/n/10 type \OT1/cmr/m/n
/10 = \OT1/cmtt/m/n/10 SPOOLES[]REAL\OT1/cmr/m/n/10 , \OT1/cmtt/m/n/10 symmetry
flag
 []

[2] [3]) (drivers.tex [4]
Overfull \hbox (2.85498pt too wide) in paragraph at lines 111--114
[]\OT1/cmr/m/n/10 The \OT1/cmtt/m/n/10 FrontMtx \OT1/cmr/m/n/10 ob-ject is read
 from the \OT1/cmtt/m/n/10 inFrontMtxFile \OT1/cmr/m/n/10 file, which must be o
f the form \OT1/cmtt/m/n/10 *.frontmtxf
 []

) (main.ind [5] [6


]) (main.aux) ) 
Here is how much of TeX's memory you used:
 1053 strings out of 10908
 10861 string characters out of 72189
 63471 words of memory out of 262141
 3944 multiletter control sequences out of 9500
 7721 words of font info for 29 fonts, out of 150000 for 255
 14 hyphenation exceptions out of 607
 28i,8n,21p,196b,331s stack positions out of 300i,40n,60p,3000b,4000s

Output written on main.dvi (6 pages, 21044 bytes).
