This is TeX, Version 3.14159 (C version 6.1) (format=latex 97.4.4)  25 JAN 1999 11:55
**main
(main.tex
LaTeX2e <1996/12/01> patch level 1
Babel <v3.6h> and hyphenation patterns for english, german, loaded.
(/home/tex/teTeX/texmf/tex/latex/base/article.cls
Document Class: article 1996/10/31 v1.3u Standard LaTeX document class
(/home/tex/teTeX/texmf/tex/latex/base/leqno.clo
File: leqno.clo 1996/07/26 v1.1b Standard LaTeX option (left equation numbers)
)
(/home/tex/teTeX/texmf/tex/latex/base/size10.clo
File: size10.clo 1996/10/31 v1.3u Standard LaTeX file (size option)
)
\c@part=\count79
\c@section=\count80
\c@subsection=\count81
\c@subsubsection=\count82
\c@paragraph=\count83
\c@subparagraph=\count84
\c@figure=\count85
\c@table=\count86
\abovecaptionskip=\skip41
\belowcaptionskip=\skip42
\bibindent=\dimen102
)
\@indexfile=\write3

Writing index file main.idx
(/home/tex/teTeX/texmf/tex/generic/local/psfig/psfig.tex
\@unused=\write4
\ps@stream=\read1
\p@intvaluex=\dimen103
\p@intvaluey=\dimen104

psfig/tex 1.10-dvips
) (main.aux)
LaTeX Font Info:    Checking defaults for OML/cmm/m/it on input line 34.
LaTeX Font Info:    ... okay on input line 34.
LaTeX Font Info:    Checking defaults for T1/cmr/m/n on input line 34.
LaTeX Font Info:    ... okay on input line 34.
LaTeX Font Info:    Checking defaults for OT1/cmr/m/n on input line 34.
LaTeX Font Info:    ... okay on input line 34.
LaTeX Font Info:    Checking defaults for OMS/cmsy/m/n on input line 34.
LaTeX Font Info:    ... okay on input line 34.
LaTeX Font Info:    Checking defaults for OMX/cmex/m/n on input line 34.
LaTeX Font Info:    ... okay on input line 34.
LaTeX Font Info:    Checking defaults for U/cmr/m/n on input line 34.
LaTeX Font Info:    ... okay on input line 34.
LaTeX Font Info:    External font `cmex10' loaded for size
(Font)              <12> on input line 51.
LaTeX Font Info:    External font `cmex10' loaded for size
(Font)              <8> on input line 51.
LaTeX Font Info:    External font `cmex10' loaded for size
(Font)              <6> on input line 51.
LaTeX Font Info:    External font `cmex10' loaded for size
(Font)              <5> on input line 51.
 (intro.tex
LaTeX Font Info:    External font `cmex10' loaded for size
(Font)              <7> on input line 4.
) (ordering.tex
Underfull \vbox (badness 1132) has occurred while \output is active []

 [1

]
(fig3x4grid.tex
Overfull \hbox (41.53922pt too wide) in paragraph at lines 46--47
[][] 
 []


Overfull \hbox (10.1674pt too wide) in paragraph at lines 67--67
[] \OT1/cmtt/m/n/10 1 chunks, 70 active entries, 1024 allocated, 6.84 % used[] 

 []

) [2]
LaTeX Font Info:    Try loading font information for OMS+cmr on input line 154.

 (/home/tex/teTeX/texmf/tex/latex/base/omscmr.fd
File: omscmr.fd 1997/01/14 v2.5a Standard LaTeX font definitions
)
LaTeX Font Info:    Font shape `OMS/cmr/m/n' in size <10> not available
(Font)              Font shape `OMS/cmsy/m/n' tried instead on input line 154.
 [3] [4] [5])
(fronttrees.tex
psfig: searching R2D100.eps for bounding box
psfig: including R2D100.eps 
psfig: searching R2D100perm.eps for bounding box
psfig: including R2D100perm.eps 
[6]
psfig: searching vtree.eps for bounding box
psfig: including vtree.eps 
[7] [8]
psfig: searching fsvtree.eps for bounding box
psfig: including fsvtree.eps 
psfig: searching fstree.eps for bounding box
psfig: including fstree.eps 
psfig: searching fsmtx.eps for bounding box
psfig: including fsmtx.eps 
psfig: searching amvtree.eps for bounding box
psfig: including amvtree.eps 
psfig: searching amtree.eps for bounding box
psfig: including amtree.eps 
psfig: searching ammtx.eps for bounding box
psfig: including ammtx.eps 
[9] [10] [11] [12] [13]
psfig: searching spvtree.eps for bounding box
psfig: including spvtree.eps 
psfig: searching sptree.eps for bounding box
psfig: including sptree.eps 
psfig: searching spmtx.eps for bounding box
psfig: including spmtx.eps 
[14] [15] [16] [17]) (main.bbl [18] [19]) (main.ind) [20] (main.aux) ) 
Here is how much of TeX's memory you used:
 616 strings out of 10908
 6087 string characters out of 72189
 57871 words of memory out of 262141
 3472 multiletter control sequences out of 9500
 8931 words of font info for 32 fonts, out of 150000 for 255
 14 hyphenation exceptions out of 607
 30i,11n,21p,249b,439s stack positions out of 300i,40n,60p,3000b,4000s

Output written on main.dvi (20 pages, 58620 bytes).
