This is TeX, Version 3.14159 (C version 6.1) (format=latex 97.4.4)  2 JAN 1999 07:14
**main
(main.tex
LaTeX2e <1996/12/01> patch level 1
Babel <v3.6h> and hyphenation patterns for english, german, loaded.
(/home/tex/teTeX/texmf/tex/latex/base/report.cls
Document Class: report 1996/10/31 v1.3u Standard LaTeX document class
(/home/tex/teTeX/texmf/tex/latex/base/leqno.clo
File: leqno.clo 1996/07/26 v1.1b Standard LaTeX option (left equation numbers)
)
(/home/tex/teTeX/texmf/tex/latex/base/size10.clo
File: size10.clo 1996/10/31 v1.3u Standard LaTeX file (size option)
)
\c@part=\count79
\c@chapter=\count80
\c@section=\count81
\c@subsection=\count82
\c@subsubsection=\count83
\c@paragraph=\count84
\c@subparagraph=\count85
\c@figure=\count86
\c@table=\count87
\abovecaptionskip=\skip41
\belowcaptionskip=\skip42
\bibindent=\dimen102
)
(/home/tex/teTeX/texmf/tex/generic/local/psfig/psfig.tex
\@unused=\write3
\ps@stream=\read1
\p@intvaluex=\dimen103
\p@intvaluey=\dimen104

psfig/tex 1.10-dvips
)
\@indexfile=\write4

Writing index file main.idx
(main.aux)
LaTeX Font Info:    Checking defaults for OML/cmm/m/it on input line 21.
LaTeX Font Info:    ... okay on input line 21.
LaTeX Font Info:    Checking defaults for T1/cmr/m/n on input line 21.
LaTeX Font Info:    ... okay on input line 21.
LaTeX Font Info:    Checking defaults for OT1/cmr/m/n on input line 21.
LaTeX Font Info:    ... okay on input line 21.
LaTeX Font Info:    Checking defaults for OMS/cmsy/m/n on input line 21.
LaTeX Font Info:    ... okay on input line 21.
LaTeX Font Info:    Checking defaults for OMX/cmex/m/n on input line 21.
LaTeX Font Info:    ... okay on input line 21.
LaTeX Font Info:    Checking defaults for U/cmr/m/n on input line 21.
LaTeX Font Info:    ... okay on input line 21.
 (intro.tex
Chapter 1.

Overfull \hbox (5.20291pt too wide) in paragraph at lines 4--15
\OT1/cmtt/m/n/10 Iter \OT1/cmr/m/n/10 is com-posed of 5 Krylov space it-er-a-ti
ve meth-ods, PCG (Pre-con-di-tioned Con-ju-gate Gra-di-ents), BiCGStab,
 []

) (dataStructure.tex
LaTeX Font Info:    External font `cmex10' loaded for size
(Font)              <7> on input line 6.
LaTeX Font Info:    External font `cmex10' loaded for size
(Font)              <5> on input line 6.
) (proto.tex [1


]
LaTeX Font Info:    Try loading font information for OMS+cmr on input line 143.


(/home/tex/teTeX/texmf/tex/latex/base/omscmr.fd
File: omscmr.fd 1997/01/14 v2.5a Standard LaTeX font definitions
)
LaTeX Font Info:    Font shape `OMS/cmr/m/n' in size <10> not available
(Font)              Font shape `OMS/cmsy/m/n' tried instead on input line 143.
 [2] [3] [4] [5]) (drivers.tex
[6] [7] [8] [9]) (main.ind [10] [11


]) (main.aux) ) 
Here is how much of TeX's memory you used:
 516 strings out of 10908
 5150 string characters out of 72189
 53681 words of memory out of 262141
 3432 multiletter control sequences out of 9500
 7575 words of font info for 28 fonts, out of 150000 for 255
 14 hyphenation exceptions out of 607
 23i,5n,21p,142b,427s stack positions out of 300i,40n,60p,3000b,4000s

Output written on main.dvi (11 pages, 37080 bytes).
