This is TeX, Version 3.14159 (C version 6.1) (format=latex 97.4.4)  25 JAN 1999 11:52
**main
(main.tex
LaTeX2e <1996/12/01> patch level 1
Babel <v3.6h> and hyphenation patterns for english, german, loaded.
(/home/tex/teTeX/texmf/tex/latex/base/article.cls
Document Class: article 1996/10/31 v1.3u Standard LaTeX document class
(/home/tex/teTeX/texmf/tex/latex/base/leqno.clo
File: leqno.clo 1996/07/26 v1.1b Standard LaTeX option (left equation numbers)
)
(/home/tex/teTeX/texmf/tex/latex/base/size10.clo
File: size10.clo 1996/10/31 v1.3u Standard LaTeX file (size option)
)
\c@part=\count79
\c@section=\count80
\c@subsection=\count81
\c@subsubsection=\count82
\c@paragraph=\count83
\c@subparagraph=\count84
\c@figure=\count85
\c@table=\count86
\abovecaptionskip=\skip41
\belowcaptionskip=\skip42
\bibindent=\dimen102
)
\@indexfile=\write3

Writing index file main.idx
(/home/tex/teTeX/texmf/tex/generic/local/psfig/psfig.tex
\@unused=\write4
\ps@stream=\read1
\p@intvaluex=\dimen103
\p@intvaluey=\dimen104

psfig/tex 1.10-dvips
) (main.aux)
LaTeX Font Info:    Checking defaults for OML/cmm/m/it on input line 38.
LaTeX Font Info:    ... okay on input line 38.
LaTeX Font Info:    Checking defaults for T1/cmr/m/n on input line 38.
LaTeX Font Info:    ... okay on input line 38.
LaTeX Font Info:    Checking defaults for OT1/cmr/m/n on input line 38.
LaTeX Font Info:    ... okay on input line 38.
LaTeX Font Info:    Checking defaults for OMS/cmsy/m/n on input line 38.
LaTeX Font Info:    ... okay on input line 38.
LaTeX Font Info:    Checking defaults for OMX/cmex/m/n on input line 38.
LaTeX Font Info:    ... okay on input line 38.
LaTeX Font Info:    Checking defaults for U/cmr/m/n on input line 38.
LaTeX Font Info:    ... okay on input line 38.
LaTeX Font Info:    External font `cmex10' loaded for size
(Font)              <12> on input line 55.
LaTeX Font Info:    External font `cmex10' loaded for size
(Font)              <8> on input line 55.
LaTeX Font Info:    External font `cmex10' loaded for size
(Font)              <6> on input line 55.
LaTeX Font Info:    External font `cmex10' loaded for size
(Font)              <5> on input line 55.
 [1

] (main.toc
LaTeX Font Info:    External font `cmex10' loaded for size
(Font)              <7> on input line 2.
)
\tf@toc=\write5
 (intro.tex [2] [3]
LaTeX Font Info:    Try loading font information for OMS+cmr on input line 16.

(/home/tex/teTeX/texmf/tex/latex/base/omscmr.fd
File: omscmr.fd 1997/01/14 v2.5a Standard LaTeX font definitions
)
LaTeX Font Info:    Font shape `OMS/cmr/m/n' in size <10> not available
(Font)              Font shape `OMS/cmsy/m/n' tried instead on input line 16.
 [4]) (LU_serial.tex [5]
LaTeX Font Info:    External font `cmex10' loaded for size
(Font)              <14.4> on input line 3.

[6] [7] [8] [9]
Overfull \hbox (2.16098pt too wide) in paragraph at lines 358--363
\OT1/cmr/m/n/10 The nu-meric fac-tor-iza-tion step be-gins by ini-tial-iz-ing t
he \OT1/cmtt/m/n/10 FrontMtx \OT1/cmr/m/n/10 ob-ject with the \OT1/cmtt/m/n/10 
frontETree \OT1/cmr/m/n/10 and \OT1/cmtt/m/n/10 symbacIVL
 []

[10] [11]) (LU_MT.tex [12] [13] [14]
Overfull \hbox (0.49548pt too wide) in paragraph at lines 186--188
\OT1/cmr/m/n/10 This ob-ject also uses a do-main de-com-po-si-tion map, the onl
y solve map that presently found in the \OT1/cmr/bx/n/10 SPOOLES
 []

) (LU_MPI.tex [15] [16]
Overfull \hbox (7.99084pt too wide) in paragraph at lines 149--149
[]\OT1/cmtt/m/n/10 IVgather(neqns, IV_entries(vtxmapIV), IV_entries(ownersIV), 
ETree_vtxToFront(frontETree)) ;[] 
 []

[17] [18]
Overfull \hbox (0.49548pt too wide) in paragraph at lines 248--250
\OT1/cmr/m/n/10 This ob-ject also uses a do-main de-com-po-si-tion map, the onl
y solve map that presently found in the \OT1/cmr/bx/n/10 SPOOLES
 []


Overfull \hbox (2.74089pt too wide) in paragraph at lines 256--256
[]\OT1/cmtt/m/n/10 FrontMtx_MPI_split(frontmtx, solvemap, stats, msglvl, msgFil
e, firsttag, MPI_COMM_WORLD) ;[] 
 []

[19]) (QR_serial.tex [20] [21]
Overfull \hbox (2.16098pt too wide) in paragraph at lines 115--120
\OT1/cmr/m/n/10 The nu-meric fac-tor-iza-tion step be-gins by ini-tial-iz-ing t
he \OT1/cmtt/m/n/10 FrontMtx \OT1/cmr/m/n/10 ob-ject with the \OT1/cmtt/m/n/10 
frontETree \OT1/cmr/m/n/10 and \OT1/cmtt/m/n/10 symbacIVL
 []

[22]
Overfull \hbox (0.61469pt too wide) in paragraph at lines 226--226
[]\OT1/cmtt/m/n/10 0 1 1.0[] 
 []


Overfull \hbox (0.61469pt too wide) in paragraph at lines 226--226
[]\OT1/cmtt/m/n/10 0 3 2.0[] 
 []


Overfull \hbox (0.61469pt too wide) in paragraph at lines 226--226
[]\OT1/cmtt/m/n/10 1 2 3.0[] 
 []


Overfull \hbox (0.61469pt too wide) in paragraph at lines 226--226
[]\OT1/cmtt/m/n/10 1 3 1.0[] 
 []


Overfull \hbox (0.61469pt too wide) in paragraph at lines 226--226
[]\OT1/cmtt/m/n/10 1 5 1.0[] 
 []


Overfull \hbox (0.61469pt too wide) in paragraph at lines 226--226
[]\OT1/cmtt/m/n/10 2 0 1.0[] 
 []


Overfull \hbox (0.61469pt too wide) in paragraph at lines 226--226
[]\OT1/cmtt/m/n/10 2 2 2.0[] 
 []


Overfull \hbox (0.61469pt too wide) in paragraph at lines 226--226
[]\OT1/cmtt/m/n/10 3 0 3.0[] 
 []


Overfull \hbox (0.61469pt too wide) in paragraph at lines 226--226
[]\OT1/cmtt/m/n/10 3 2 4.0[] 
 []


Overfull \hbox (0.61469pt too wide) in paragraph at lines 226--226
[]\OT1/cmtt/m/n/10 3 4 2.0[] 
 []


Overfull \hbox (0.61469pt too wide) in paragraph at lines 226--226
[]\OT1/cmtt/m/n/10 4 3 1.0[] 
 []


Overfull \hbox (0.61469pt too wide) in paragraph at lines 226--226
[]\OT1/cmtt/m/n/10 5 1 2.0[] 
 []


Overfull \hbox (0.61469pt too wide) in paragraph at lines 226--226
[]\OT1/cmtt/m/n/10 5 4 3.0[] 
 []


Overfull \hbox (0.61469pt too wide) in paragraph at lines 226--226
[]\OT1/cmtt/m/n/10 5 5 1.0[] 
 []


Overfull \hbox (0.61469pt too wide) in paragraph at lines 226--226
[]\OT1/cmtt/m/n/10 6 0 2.0[] 
 []


Overfull \hbox (0.61469pt too wide) in paragraph at lines 226--226
[]\OT1/cmtt/m/n/10 6 3 3.0[] 
 []


Overfull \hbox (0.61469pt too wide) in paragraph at lines 226--226
[]\OT1/cmtt/m/n/10 7 1 1.0[] 
 []


Overfull \hbox (0.61469pt too wide) in paragraph at lines 226--226
[]\OT1/cmtt/m/n/10 7 4 3.0[] 
 []

) (LU_serial_driver.tex [23] [24]
Underfull \vbox (badness 10000) has occurred while \output is active []

 [25]
Underfull \vbox (badness 10000) has occurred while \output is active []

 [26]
Underfull \vbox (badness 10000) has occurred while \output is active []

 [27]
Underfull \vbox (badness 10000) has occurred while \output is active []

 [28]
Underfull \vbox (badness 10000) has occurred while \output is active []

 [29])
(LU_MT_driver.tex [30] [31]
Underfull \vbox (badness 10000) has occurred while \output is active []

 [32]
Underfull \vbox (badness 10000) has occurred while \output is active []

 [33]
Underfull \vbox (badness 10000) has occurred while \output is active []

 [34]
Underfull \vbox (badness 10000) has occurred while \output is active []

 [35]
Underfull \vbox (badness 10000) has occurred while \output is active []

 [36]
Underfull \vbox (badness 10000) has occurred while \output is active []

 [37])
(LU_MPI_driver.tex [38] [39]
Underfull \vbox (badness 10000) has occurred while \output is active []

 [40]
Underfull \vbox (badness 10000) has occurred while \output is active []

 [41]
Underfull \vbox (badness 10000) has occurred while \output is active []

 [42]
Underfull \vbox (badness 10000) has occurred while \output is active []

 [43]
Underfull \vbox (badness 10000) has occurred while \output is active []

 [44]
Underfull \vbox (badness 10000) has occurred while \output is active []

 [45]
Underfull \vbox (badness 10000) has occurred while \output is active []

 [46]
Underfull \vbox (badness 10000) has occurred while \output is active []

 [47])
(QR_serial_driver.tex [48] [49]
Underfull \vbox (badness 10000) has occurred while \output is active []

 [50]
Underfull \vbox (badness 10000) has occurred while \output is active []

 [51]
Underfull \vbox (badness 10000) has occurred while \output is active []

 [52]
Underfull \vbox (badness 10000) has occurred while \output is active []

 [53])
[54] (main.aux) ) 
Here is how much of TeX's memory you used:
 580 strings out of 10908
 6266 string characters out of 72189
 63903 words of memory out of 262141
 3468 multiletter control sequences out of 9500
 10666 words of font info for 39 fonts, out of 150000 for 255
 14 hyphenation exceptions out of 607
 30i,11n,21p,160b,391s stack positions out of 300i,40n,60p,3000b,4000s

Output written on main.dvi (54 pages, 146964 bytes).
