mainwindow, INFO: Going to https://github.com/imirzov/ccx_cae#calculix-cae
mainwindow, INFO: Going to https://github.com/imirzov/ccx_cae/issues
mainwindow, INFO: Going to https://groups.yahoo.com/neo/groups/CALCULIX/conversations/topics/15616
kom, INFO: CalculiX object model generated.
job, INFO: Work directory is: /home/ihor/Desktop
ie, INFO: Loading /home/ihor/Desktop/FreeCAD.inp.
kom, INFO: Nall created.
kom, INFO: Evolumes created.
kom, INFO: Eall created.
kom, INFO: CalculiX object model generated.
job, INFO: Work directory is: /home/ihor/Desktop
ie, INFO: Loading /home/ihor/Desktop/baffle2D.inp.
kom, INFO: HEADING-1 created.
kom, INFO: ALL created.
kom, INFO: CANALS created.
kom, INFO: IN created.
kom, INFO: OUT created.
kom, INFO: ALL created.
kom, INFO: CANALS-S3 created.
kom, INFO: CANALS-S4 created.
kom, INFO: CANALS-S5 created.
kom, INFO: CANALS-S6 created.
kom, INFO: IN-S3 created.
kom, INFO: IN-S4 created.
kom, INFO: IN-S5 created.
kom, INFO: IN-S6 created.
kom, INFO: OUT-S3 created.
kom, INFO: OUT-S4 created.
kom, INFO: OUT-S5 created.
kom, INFO: OUT-S6 created.
kom, INFO: CANALS created.
kom, INFO: IN created.
kom, INFO: OUT created.
kom, INFO: Steel-08Cr18Ni10Ti-heating created.
kom, INFO: CONDUCTIVITY-1 created.
kom, INFO: DENSITY-1 created.
kom, INFO: SPECIFIC HEAT-1 created.
kom, INFO: ALL created.
kom, INFO: INITIAL CONDITIONS-1 created.
kom, INFO: STEP-1 created.
kom, INFO: HEAT TRANSFER-1 created.
kom, INFO: NODE FILE-1 created.
kom, INFO: ALL created.
kom, INFO: DFLUX-1 created.
kom, INFO: FILM-1 created.
kom, INFO: END STEP-1 created.
kom, INFO: CalculiX object model generated.
job, INFO: Work directory is: /home/ihor/Desktop
ie, INFO: Loading /home/ihor/Desktop/baffle2D.inp.
kom, INFO: HEADING-1 created.
kom, INFO: ALL created.
kom, INFO: CANALS created.
kom, INFO: IN created.
kom, INFO: OUT created.
kom, INFO: ALL created.
kom, INFO: CANALS-S3 created.
kom, INFO: CANALS-S4 created.
kom, INFO: CANALS-S5 created.
kom, INFO: CANALS-S6 created.
kom, INFO: IN-S3 created.
kom, INFO: IN-S4 created.
kom, INFO: IN-S5 created.
kom, INFO: IN-S6 created.
kom, INFO: OUT-S3 created.
kom, INFO: OUT-S4 created.
kom, INFO: OUT-S5 created.
kom, INFO: OUT-S6 created.
kom, INFO: CANALS created.
kom, INFO: IN created.
kom, INFO: OUT created.
kom, INFO: Steel-08Cr18Ni10Ti-heating created.
kom, INFO: CONDUCTIVITY-1 created.
kom, INFO: DENSITY-1 created.
kom, INFO: SPECIFIC HEAT-1 created.
kom, INFO: ALL created.
kom, INFO: INITIAL CONDITIONS-1 created.
kom, INFO: STEP-1 created.
kom, INFO: HEAT TRANSFER-1 created.
kom, INFO: NODE FILE-1 created.
kom, INFO: ALL created.
kom, INFO: DFLUX-1 created.
kom, INFO: FILM-1 created.
kom, INFO: END STEP-1 created.
