This is TeX, Version 3.1415 (C version 6.1) (format=lplain 94.11.14)  12 JUN 1998 11:01
**main
(main.tex
LaTeX Version 2.09 <25 March 1992>
(/usr/local/lib/texmf/tex/latex209/report.sty
Standard Document Style `report' <14 Jan 92>.
(/usr/local/lib/texmf/tex/latex209/rep11.sty)
\descriptionmargin=\dimen99
\c@part=\count79
\c@chapter=\count80
\c@section=\count81
\c@subsection=\count82
\c@subsubsection=\count83
\c@paragraph=\count84
\c@subparagraph=\count85
\c@figure=\count86
\c@table=\count87

(/usr/local/lib/texmf/tex/latex209/titlepag.sty
Document Style Option `titlepage' -- Released 16 June 1991.
)) (/usr/local/lib/texmf/tex/latex209/leqno.sty
Document style option `leqno' - released 29 Sep 1991
)
\@indexfile=\write3

Writing index file main.idx 
(/usr/local/lib/texmf/tex/generic/psfig/psfig.tex
\@unused=\write4
\ps@stream=\read1
\p@intvaluex=\dimen100
\p@intvaluey=\dimen101

psfig/tex 1.10-dvips
) (main.aux) (intro.tex
Chapter 1.
LaTeX Warning: No \tt typeface in this size, using \rm on input line 2.
LaTeX Warning: Citation `ash95-DDSEP' on page 1 undefined on input line 24.
LaTeX Warning: Citation `ash95-compressed-graphs' on page 1 undefined on input 
line 59.
LaTeX Warning: Citation `dam92-compressed' on page 1 undefined on input line 60
.
[1


]) (dataStructure.tex) (proto.tex [2]
Overfull \hbox (22.0743pt too wide) in paragraph at lines 92--100
[]\elvrm This is the ba-sic ini-tial-izer method. Any pre-vi-ous data is cleare
d with a call to \elvtt Graph[]clearData()\elvrm .

\hbox(7.60416+2.43333)x442.37993, glue set - 1.0
.\hbox(0.0+0.0)x0.0
.\elvrm T
.\elvrm h
.\elvrm i
.\elvrm s
.etc.

[3] [4] [5]
Overfull \hbox (11.7664pt too wide) in paragraph at lines 360--360
 [] []\elvtt Graph * Graph_subGraph ( Graph *graph, int icomp, int compids[], i
nt **pmap ) ;[] 

\hbox(7.60416+2.43333)x469.75499
.\glue(\leftskip) 27.37506
.\hbox(0.0+0.0)x0.0
.\glue 0.0
.\hbox(7.05666+0.0)x0.0
..\glue 0.0
..\glue 0.0
..\glue -21.90005
..\glue -5.475
..\hbox(7.05666+0.0)x21.90005, glue set 21.90005fil
...\glue 0.0 plus 1.0fil minus 1.0fil
...\hbox(7.05666+0.0)x0.0, glue set - 8.51668fil []
..etc.
.\penalty 0
.etc.

[6] [7]) (drivers.tex
Overfull \hbox (19.63927pt too wide) in paragraph at lines 28--32
\elvtt *.graphf \elvrm or \elvtt *.graphb\elvrm . The \elvtt Graph \elvrm ob-je
ct is read from the file via the \elvtt Graph[]readFromFile()

\hbox(7.60416+2.43333)x418.2899, glue set - 1.0
.\elvtt *
.\elvtt .
.\elvtt g
.\elvtt r
.\elvtt a
.etc.


Overfull \hbox (19.63927pt too wide) in paragraph at lines 55--60
\elvtt *.graphf \elvrm or \elvtt *.graphb\elvrm . The \elvtt Graph \elvrm ob-je
ct is read from the file via the \elvtt Graph[]readFromFile()

\hbox(7.60416+2.43333)x418.2899, glue set - 1.0
.\elvtt *
.\elvtt .
.\elvtt g
.\elvtt r
.\elvtt a
.etc.

[8]
Overfull \hbox (19.63927pt too wide) in paragraph at lines 105--110
\elvtt *.graphf \elvrm or \elvtt *.graphb\elvrm . The \elvtt Graph \elvrm ob-je
ct is read from the file via the \elvtt Graph[]readFromFile()

\hbox(7.60416+2.43333)x418.2899, glue set - 1.0
.\elvtt *
.\elvtt .
.\elvtt g
.\elvtt r
.\elvtt a
.etc.

[9]
Overfull \hbox (19.63927pt too wide) in paragraph at lines 185--190
\elvtt *.graphf \elvrm or \elvtt *.graphb\elvrm . The \elvtt Graph \elvrm ob-je
ct is read from the file via the \elvtt Graph[]readFromFile()

\hbox(7.60416+2.43333)x418.2899, glue set - 1.0
.\elvtt *
.\elvtt .
.\elvtt g
.\elvtt r
.\elvtt a
.etc.


Overfull \hbox (15.38101pt too wide) in paragraph at lines 190--194
\elvtt *.graphf \elvrm or \elvtt *.graphb\elvrm . The \elvtt Graph \elvrm ob-je
ct is writ-ten to the file via the \elvtt Graph[]writeToFile()

\hbox(7.60416+2.43333)x418.2899, glue set - 1.0
.\elvtt *
.\elvtt .
.\elvtt g
.\elvtt r
.\elvtt a
.etc.


Overfull \hbox (19.63927pt too wide) in paragraph at lines 216--220
\elvtt *.graphf \elvrm or \elvtt *.graphb\elvrm . The \elvtt Graph \elvrm ob-je
ct is read from the file via the \elvtt Graph[]readFromFile()

\hbox(7.60416+2.43333)x418.2899, glue set - 1.0
.\elvtt *
.\elvtt .
.\elvtt g
.\elvtt r
.\elvtt a
.etc.

[10]
Overfull \hbox (19.63927pt too wide) in paragraph at lines 247--252
\elvtt *.graphf \elvrm or \elvtt *.graphb\elvrm . The \elvtt Graph \elvrm ob-je
ct is read from the file via the \elvtt Graph[]readFromFile()

\hbox(7.60416+2.43333)x418.2899, glue set - 1.0
.\elvtt *
.\elvtt .
.\elvtt g
.\elvtt r
.\elvtt a
.etc.

psfig: searching ../../Graph/doc/rad1.eps for bounding box
psfig: including ../../Graph/doc/rad1.eps 
psfig: searching ../../Graph/doc/rad2.eps for bounding box
psfig: including ../../Graph/doc/rad2.eps 
[11]
Overfull \hbox (19.63927pt too wide) in paragraph at lines 301--306
\elvtt *.graphf \elvrm or \elvtt *.graphb\elvrm . The \elvtt Graph \elvrm ob-je
ct is read from the file via the \elvtt Graph[]readFromFile()

\hbox(7.60416+2.43333)x418.2899, glue set - 1.0
.\elvtt *
.\elvtt .
.\elvtt g
.\elvtt r
.\elvtt a
.etc.

) (main.ind [12] [13


]) (main.aux) ) 
Here is how much of TeX's memory you used:
 442 strings out of 11977
 4537 string characters out of 87269
 37981 words of memory out of 262141
 2362 multiletter control sequences out of 9500
 19780 words of font info for 75 fonts, out of 100000 for 255
 14 hyphenation exceptions out of 607
 14i,6n,17p,182b,260s stack positions out of 300i,40n,60p,3000b,4000s

Output written on main.dvi (13 pages, 42228 bytes).
