This is TeX, Version 3.14159 (C version 6.1) (format=latex 97.4.4)  25 JAN 1999 11:57
**main
(main.tex
LaTeX2e <1996/12/01> patch level 1
Babel <v3.6h> and hyphenation patterns for english, german, loaded.
(/home/tex/teTeX/texmf/tex/latex/base/article.cls
Document Class: article 1996/10/31 v1.3u Standard LaTeX document class
(/home/tex/teTeX/texmf/tex/latex/base/leqno.clo
File: leqno.clo 1996/07/26 v1.1b Standard LaTeX option (left equation numbers)
)
(/home/tex/teTeX/texmf/tex/latex/base/size10.clo
File: size10.clo 1996/10/31 v1.3u Standard LaTeX file (size option)
)
\c@part=\count79
\c@section=\count80
\c@subsection=\count81
\c@subsubsection=\count82
\c@paragraph=\count83
\c@subparagraph=\count84
\c@figure=\count85
\c@table=\count86
\abovecaptionskip=\skip41
\belowcaptionskip=\skip42
\bibindent=\dimen102
)
\@indexfile=\write3

Writing index file main.idx
(/home/tex/teTeX/texmf/tex/generic/local/psfig/psfig.tex
\@unused=\write4
\ps@stream=\read1
\p@intvaluex=\dimen103
\p@intvaluey=\dimen104

psfig/tex 1.10-dvips
) (main.aux)
LaTeX Font Info:    Checking defaults for OML/cmm/m/it on input line 38.
LaTeX Font Info:    ... okay on input line 38.
LaTeX Font Info:    Checking defaults for T1/cmr/m/n on input line 38.
LaTeX Font Info:    ... okay on input line 38.
LaTeX Font Info:    Checking defaults for OT1/cmr/m/n on input line 38.
LaTeX Font Info:    ... okay on input line 38.
LaTeX Font Info:    Checking defaults for OMS/cmsy/m/n on input line 38.
LaTeX Font Info:    ... okay on input line 38.
LaTeX Font Info:    Checking defaults for OMX/cmex/m/n on input line 38.
LaTeX Font Info:    ... okay on input line 38.
LaTeX Font Info:    Checking defaults for U/cmr/m/n on input line 38.
LaTeX Font Info:    ... okay on input line 38.
LaTeX Font Info:    External font `cmex10' loaded for size
(Font)              <12> on input line 55.
LaTeX Font Info:    External font `cmex10' loaded for size
(Font)              <8> on input line 55.
LaTeX Font Info:    External font `cmex10' loaded for size
(Font)              <6> on input line 55.
LaTeX Font Info:    External font `cmex10' loaded for size
(Font)              <5> on input line 55.
 (overview.tex
LaTeX Font Info:    Try loading font information for OMS+cmr on input line 26.
 (/home/tex/teTeX/texmf/tex/latex/base/omscmr.fd
File: omscmr.fd 1997/01/14 v2.5a Standard LaTeX font definitions
)
LaTeX Font Info:    Font shape `OMS/cmr/m/n' in size <10> not available
(Font)              Font shape `OMS/cmsy/m/n' tried instead on input line 26.
LaTeX Font Info:    External font `cmex10' loaded for size
(Font)              <7> on input line 38.

[1

]) (makefile.tex [2]) (threads.tex) (globalLibs.tex [3]) (drivers.tex
[4]) (source.tex [5]) (cleanup.tex [6]) (afterward.tex)
Overfull \hbox (9.7445pt too wide) in paragraph at lines 4--65
\OT1/cmr/m/n/10 Any ques-tions, com-ments, and par-tic-u-larly, sug-ges-tions, 
con-tact Cleve Ashcraft, \OT1/cmtt/m/n/10 cleve.ashcraft@boeing.com\OT1/cmr/m/n
/10 . 
 []

[7] (main.aux) )
(\end occurred inside a group at level 1) 
Here is how much of TeX's memory you used:
 528 strings out of 10908
 5142 string characters out of 72189
 52622 words of memory out of 262141
 3426 multiletter control sequences out of 9500
 9591 words of font info for 34 fonts, out of 150000 for 255
 14 hyphenation exceptions out of 607
 30i,11n,21p,160b,355s stack positions out of 300i,40n,60p,3000b,4000s

Output written on main.dvi (7 pages, 27428 bytes).
