This is TeX, Version 3.1415 (C version 6.1) (format=lplain 94.11.14)  11 JUN 1998 13:01
**main
(main.tex
LaTeX Version 2.09 <25 March 1992>
(/usr/local/lib/texmf/tex/latex209/report.sty
Standard Document Style `report' <14 Jan 92>.
(/usr/local/lib/texmf/tex/latex209/rep11.sty)
\descriptionmargin=\dimen99
\c@part=\count79
\c@chapter=\count80
\c@section=\count81
\c@subsection=\count82
\c@subsubsection=\count83
\c@paragraph=\count84
\c@subparagraph=\count85
\c@figure=\count86
\c@table=\count87

(/usr/local/lib/texmf/tex/latex209/titlepag.sty
Document Style Option `titlepage' -- Released 16 June 1991.
)) (/usr/local/lib/texmf/tex/latex209/leqno.sty
Document style option `leqno' - released 29 Sep 1991
)
\@indexfile=\write3

Writing index file main.idx 
(main.aux) (intro.tex
Chapter 1.
LaTeX Warning: No \tt typeface in this size, using \rm on input line 1.
LaTeX Warning: Citation `ash95-DDSEP' on page 1 undefined on input line 67.
LaTeX Warning: Citation `ash96-maxflow' on page 1 undefined on input line 68.
[1


]) (dataStructure.tex
Overfull \hbox (10.03406pt too wide) in paragraph at lines 20--24
[] []\elvtt IV compidsIV \elvrm : an \elvtt IV \elvrm ob-ject that holds the co
m-po-nent ids of the in-ter-nal ver-tices --- \elvtt compids[v]

\hbox(7.60416+2.43333)x442.37993, glue set - 1.0
.\hbox(0.0+0.0)x0.0
.\glue 0.0
.\hbox(4.86667+0.0)x0.0
..\glue 0.0
..\glue -21.90005
..\glue -5.475
..\hbox(4.86667+0.0)x21.90005, glue set 21.90005fil
...\glue 0.0 plus 1.0fil minus 1.0fil
...\hbox(4.86667+0.0)x0.0, glue set - 5.475fil []
..\glue 5.475
.\penalty 0
.\elvtt I
.etc.

[2]) (proto.tex [3] [4] [5]
LaTeX Warning: Citation `ash95-DDSEP' on page 6 undefined on input line 247.
[6] [7] [8] [9]) (drivers.tex
LaTeX Warning: Citation `ash95-DDSEP' on page 10 undefined on input line 16.

Overfull \hbox (19.63927pt too wide) in paragraph at lines 30--35
\elvtt *.graphf \elvrm or \elvtt *.graphb\elvrm . The \elvtt Graph \elvrm ob-je
ct is read from the file via the \elvtt Graph[]readFromFile()

\hbox(7.60416+2.43333)x418.2899, glue set - 1.0
.\elvtt *
.\elvtt .
.\elvtt g
.\elvtt r
.\elvtt a
.etc.

LaTeX Warning: Citation `ash95-DDSEP' on page 10 undefined on input line 59.
[10]
Overfull \hbox (19.63927pt too wide) in paragraph at lines 76--81
\elvtt *.graphf \elvrm or \elvtt *.graphb\elvrm . The \elvtt Graph \elvrm ob-je
ct is read from the file via the \elvtt Graph[]readFromFile()

\hbox(7.60416+2.43333)x418.2899, glue set - 1.0
.\elvtt *
.\elvtt .
.\elvtt g
.\elvtt r
.\elvtt a
.etc.


Overfull \hbox (19.63927pt too wide) in paragraph at lines 119--124
\elvtt *.graphf \elvrm or \elvtt *.graphb\elvrm . The \elvtt Graph \elvrm ob-je
ct is read from the file via the \elvtt Graph[]readFromFile()

\hbox(7.60416+2.43333)x418.2899, glue set - 1.0
.\elvtt *
.\elvtt .
.\elvtt g
.\elvtt r
.\elvtt a
.etc.

[11]
Overfull \hbox (19.63927pt too wide) in paragraph at lines 169--174
\elvtt *.graphf \elvrm or \elvtt *.graphb\elvrm . The \elvtt Graph \elvrm ob-je
ct is read from the file via the \elvtt Graph[]readFromFile()

\hbox(7.60416+2.43333)x418.2899, glue set - 1.0
.\elvtt *
.\elvtt .
.\elvtt g
.\elvtt r
.\elvtt a
.etc.


Overfull \hbox (19.63927pt too wide) in paragraph at lines 230--235
\elvtt *.graphf \elvrm or \elvtt *.graphb\elvrm . The \elvtt Graph \elvrm ob-je
ct is read from the file via the \elvtt Graph[]readFromFile()

\hbox(7.60416+2.43333)x418.2899, glue set - 1.0
.\elvtt *
.\elvtt .
.\elvtt g
.\elvtt r
.\elvtt a
.etc.

[12]) (main.ind [13] [14


]) (main.aux) ) 
Here is how much of TeX's memory you used:
 215 strings out of 11977
 2346 string characters out of 87269
 34975 words of memory out of 262141
 2149 multiletter control sequences out of 9500
 19780 words of font info for 75 fonts, out of 100000 for 255
 14 hyphenation exceptions out of 607
 13i,12n,17p,182b,260s stack positions out of 300i,40n,60p,3000b,4000s

Output written on main.dvi (14 pages, 48468 bytes).
