This is TeX, Version 3.1415 (C version 6.1) (format=latex 96.6.20)  4 SEP 1998 15:37
**main
(main.tex
LaTeX2e <1996/06/01>
Hyphenation patterns for english, german, loaded.
(/usr/local/lib/texmf/tex/latex2e/base/latex209.def
File: latex209.def 1996/05/21 v0.51 Standard LaTeX file

Entering LaTeX 2.09 compatibility mode.
\footheight=\dimen102
\@maxsep=\dimen103
\@dblmaxsep=\dimen104
\@cla=\count79
\@clb=\count80
\mscount=\count81
(/usr/local/lib/texmf/tex/latex2e/base/tracefnt.sty
Package: tracefnt 1996/05/08 v3.0h Standard LaTeX package (font tracing)
\tracingfonts=\count82
LaTeX Info: Redefining \selectfont on input line 139.
)
\symbold=\mathgroup4
\symsans=\mathgroup5
\symtypewriter=\mathgroup6
\symitalic=\mathgroup7
\symsmallcaps=\mathgroup8
\symslanted=\mathgroup9
LaTeX Font Info:    Redeclaring math alphabet \mathbf on input line 307.
LaTeX Font Info:    Redeclaring math alphabet \mathsf on input line 308.
LaTeX Font Info:    Redeclaring math alphabet \mathtt on input line 309.
LaTeX Font Info:    Redeclaring math alphabet \mathit on input line 315.
LaTeX Info: Redefining \em on input line 325.

(/usr/local/lib/texmf/tex/latex2e/base/latexsym.sty
Package: latexsym 1995/11/28 v2.2c Standard LaTeX package (lasy symbols)
\symlasy=\mathgroup10
LaTeX Font Info:    Overwriting symbol font `lasy' in version `bold'
(Font)                  U/lasy/m/n --> U/lasy/b/n on input line 86.
)
LaTeX Font Info:    Redeclaring math delimiter \lgroup on input line 389.
LaTeX Font Info:    Redeclaring math delimiter \rgroup on input line 391.
LaTeX Font Info:    Redeclaring math delimiter \bracevert on input line 393.
)
(/usr/local/lib/texmf/tex/latex2e/base/report.cls
Document Class: report 1996/05/26 v1.3r Standard LaTeX document class
(/usr/local/lib/texmf/tex/latex2e/base/leqno.clo
File: leqno.clo 1996/03/25 v1.1a Standard LaTeX option (left equation numbers)
)
(/usr/local/lib/texmf/tex/latex2e/base/size11.clo
File: size11.clo 1996/05/26 v1.3r Standard LaTeX file (size option)
)
\c@part=\count83
\c@chapter=\count84
\c@section=\count85
\c@subsection=\count86
\c@subsubsection=\count87
\c@paragraph=\count88
\c@subparagraph=\count89
\c@figure=\count90
\c@table=\count91
\abovecaptionskip=\skip41
\belowcaptionskip=\skip42
Compatibility mode: definition of \rm ignored.
Compatibility mode: definition of \sf ignored.
Compatibility mode: definition of \tt ignored.
Compatibility mode: definition of \bf ignored.
Compatibility mode: definition of \it ignored.
Compatibility mode: definition of \sl ignored.
Compatibility mode: definition of \sc ignored.
LaTeX Info: Redefining \cal on input line 620.
LaTeX Info: Redefining \mit on input line 621.
\bibindent=\dimen105
)
\@indexfile=\write3

Writing index file main.idx
(/usr/local/lib/texmf/tex/generic/psfig/psfig.tex
\@unused=\write4
\ps@stream=\read1
\p@intvaluex=\dimen106
\p@intvaluey=\dimen107

psfig/tex 1.10-dvips
) (main.aux)
LaTeX Font Info:    Checking defaults for OML/cmm/m/it on input line 18.
LaTeX Font Info:    ... okay on input line 18.
LaTeX Font Info:    Checking defaults for T1/cmr/m/n on input line 18.
LaTeX Font Info:    ... okay on input line 18.
LaTeX Font Info:    Checking defaults for OT1/cmr/m/n on input line 18.
LaTeX Font Info:    ... okay on input line 18.
LaTeX Font Info:    Checking defaults for OMS/cmsy/m/n on input line 18.
LaTeX Font Info:    ... okay on input line 18.
LaTeX Font Info:    Checking defaults for OMX/cmex/m/n on input line 18.
LaTeX Font Info:    ... okay on input line 18.
LaTeX Font Info:    Checking defaults for U/cmr/m/n on input line 18.
LaTeX Font Info:    ... okay on input line 18.
 (intro.tex
Chapter 1.

LaTeX Warning: Citation `bha93-localND' on page 1 undefined on input line 10.

) (proto.tex
LaTeX Font Info:    External font `cmex10' loaded for size
(Font)              <10.95> on input line 37.
LaTeX Font Info:    External font `cmex10' loaded for size
(Font)              <8> on input line 37.
LaTeX Font Info:    External font `cmex10' loaded for size
(Font)              <6> on input line 37.
LaTeX Font Info:    Try loading font information for U+lasy on input line 37.
 (/usr/local/lib/texmf/tex/latex2e/base/Ulasy.fd
File: Ulasy.fd 1995/11/28 v2.2cLaTeX symbol font definitions
) [1


]

LaTeX Warning: Citation `bha93-localND' on page 2 undefined on input line 82.


LaTeX Warning: Citation `bha93-localND' on page 2 undefined on input line 110.

[2] [3] [4]) (drivers.tex [5]
Overfull \hbox (19.63927pt too wide) in paragraph at lines 63--68
\OT1/cmtt/m/n/10.95 *.graphf \OT1/cmr/m/n/10.95 or \OT1/cmtt/m/n/10.95 *.graphb
\OT1/cmr/m/n/10.95 . The \OT1/cmtt/m/n/10.95 Graph \OT1/cmr/m/n/10.95 ob-ject i
s read from the file via the \OT1/cmtt/m/n/10.95 Graph[]readFromFile()
 []


Overfull \hbox (19.63927pt too wide) in paragraph at lines 99--104
\OT1/cmtt/m/n/10.95 *.graphf \OT1/cmr/m/n/10.95 or \OT1/cmtt/m/n/10.95 *.graphb
\OT1/cmr/m/n/10.95 . The \OT1/cmtt/m/n/10.95 Graph \OT1/cmr/m/n/10.95 ob-ject i
s read from the file via the \OT1/cmtt/m/n/10.95 Graph[]readFromFile()
 []

[6]
Overfull \hbox (19.63927pt too wide) in paragraph at lines 139--144
\OT1/cmtt/m/n/10.95 *.graphf \OT1/cmr/m/n/10.95 or \OT1/cmtt/m/n/10.95 *.graphb
\OT1/cmr/m/n/10.95 . The \OT1/cmtt/m/n/10.95 Graph \OT1/cmr/m/n/10.95 ob-ject i
s read from the file via the \OT1/cmtt/m/n/10.95 Graph[]readFromFile()
 []


Overfull \hbox (19.63927pt too wide) in paragraph at lines 184--189
\OT1/cmtt/m/n/10.95 *.graphf \OT1/cmr/m/n/10.95 or \OT1/cmtt/m/n/10.95 *.graphb
\OT1/cmr/m/n/10.95 . The \OT1/cmtt/m/n/10.95 Graph \OT1/cmr/m/n/10.95 ob-ject i
s read from the file via the \OT1/cmtt/m/n/10.95 Graph[]readFromFile()
 []

[7]

LaTeX Warning: Reference `chapter:GPart:intro' on page 8 undefined on input lin
e 231.

psfig: searching ../../misc/doc/R2D100notags.eps for bounding box
psfig: including ../../misc/doc/R2D100notags.eps 
psfig: searching ../../misc/doc/R2D100fishnet.eps for bounding box
psfig: including ../../misc/doc/R2D100fishnet.eps 
[8] [9] [10]
Overfull \hbox (19.63927pt too wide) in paragraph at lines 361--366
\OT1/cmtt/m/n/10.95 *.graphf \OT1/cmr/m/n/10.95 or \OT1/cmtt/m/n/10.95 *.graphb
\OT1/cmr/m/n/10.95 . The \OT1/cmtt/m/n/10.95 Graph \OT1/cmr/m/n/10.95 ob-ject i
s read from the file via the \OT1/cmtt/m/n/10.95 Graph[]readFromFile()
 []


Overfull \hbox (19.63927pt too wide) in paragraph at lines 366--371
\OT1/cmtt/m/n/10.95 *.etreef \OT1/cmr/m/n/10.95 or \OT1/cmtt/m/n/10.95 *.etreeb
\OT1/cmr/m/n/10.95 . The \OT1/cmtt/m/n/10.95 ETree \OT1/cmr/m/n/10.95 ob-ject i
s read from the file via the \OT1/cmtt/m/n/10.95 ETree[]readFromFile()
 []

[11] [12] [13] [14]) (main.ind [15] [16


]) (main.aux)

LaTeX Warning: There were undefined references.

 ) 
Here is how much of TeX's memory you used:
 658 strings out of 10922
 6676 string characters out of 73125
 55494 words of memory out of 262141
 3516 multiletter control sequences out of 9500
 14802 words of font info for 54 fonts, out of 100000 for 255
 14 hyphenation exceptions out of 607
 23i,7n,22p,194b,417s stack positions out of 300i,40n,60p,3000b,4000s

Output written on main.dvi (16 pages, 45708 bytes).
