IMPORTER (KEYWORDS PARSER) TEST

1 ../../examples/ccx/test/achtel2.inp

2 ../../examples/ccx/test/achtel29.inp

3 ../../examples/ccx/test/achtel9.inp

4 ../../examples/ccx/test/achtelc.inp

5 ../../examples/ccx/test/achtelcas.inp

6 ../../examples/ccx/test/achteld.inp

7 ../../examples/ccx/test/achtelg.inp

8 ../../examples/ccx/test/achtelp.inp

9 ../../examples/ccx/test/acou2.inp

10 ../../examples/ccx/test/acou3.inp

11 ../../examples/ccx/test/acou4.inp

12 ../../examples/ccx/test/aircolumn.inp

13 ../../examples/ccx/test/anipla.inp

14 ../../examples/ccx/test/aniso.inp

15 ../../examples/ccx/test/artery1.inp

16 ../../examples/ccx/test/artery2.inp

17 ../../examples/ccx/test/artery3.inp

18 ../../examples/ccx/test/artery4.inp

19 ../../examples/ccx/test/artery5.inp

20 ../../examples/ccx/test/ax6.inp

21 ../../examples/ccx/test/ax6ht.inp

22 ../../examples/ccx/test/axial.inp

23 ../../examples/ccx/test/axiplane.inp

24 ../../examples/ccx/test/axrad.inp

25 ../../examples/ccx/test/axrad2.inp

26 ../../examples/ccx/test/b31.inp

27 ../../examples/ccx/test/b31nodthi.inp

28 ../../examples/ccx/test/ball.inp

29 ../../examples/ccx/test/beam10p.inp

30 ../../examples/ccx/test/beam20p.inp

31 ../../examples/ccx/test/beam20t.inp

32 ../../examples/ccx/test/beam8b.inp

33 ../../examples/ccx/test/beam8f.inp

34 ../../examples/ccx/test/beam8p.inp

35 ../../examples/ccx/test/beam8t.inp

36 ../../examples/ccx/test/beam_sens_freq_coord1.inp

37 ../../examples/ccx/test/beam_sens_freq_coord2.inp

38 ../../examples/ccx/test/beam_sens_freq_coord3.inp

39 ../../examples/ccx/test/beam_sens_stress_coord1.inp

40 ../../examples/ccx/test/beam_sens_stress_coord2.inp

41 ../../examples/ccx/test/beamabq.inp

42 ../../examples/ccx/test/beamb.inp

43 ../../examples/ccx/test/beamcom.inp

44 ../../examples/ccx/test/beamcontact.inp

45 ../../examples/ccx/test/beamcr.inp

46 ../../examples/ccx/test/beamcr2.inp

47 ../../examples/ccx/test/beamd.inp

48 ../../examples/ccx/test/beamd2.inp

49 ../../examples/ccx/test/beamdelay.inp

50 ../../examples/ccx/test/beamdy1.inp

51 ../../examples/ccx/test/beamdy10.inp

52 ../../examples/ccx/test/beamdy10bm.inp

53 ../../examples/ccx/test/beamdy11.inp

54 ../../examples/ccx/test/beamdy12.inp

55 ../../examples/ccx/test/beamdy13.inp

56 ../../examples/ccx/test/beamdy14.inp

57 ../../examples/ccx/test/beamdy15.inp

58 ../../examples/ccx/test/beamdy16.inp

59 ../../examples/ccx/test/beamdy17.inp

60 ../../examples/ccx/test/beamdy18.inp

61 ../../examples/ccx/test/beamdy19.inp

62 ../../examples/ccx/test/beamdy2.inp

63 ../../examples/ccx/test/beamdy20.inp

64 ../../examples/ccx/test/beamdy3.inp

65 ../../examples/ccx/test/beamdy4.inp

66 ../../examples/ccx/test/beamdy5.inp

67 ../../examples/ccx/test/beamdy6.inp

68 ../../examples/ccx/test/beamdy7.inp

69 ../../examples/ccx/test/beamdy7bm.inp

70 ../../examples/ccx/test/beamdy8.inp

71 ../../examples/ccx/test/beamdy9.inp

72 ../../examples/ccx/test/beamdynamic.inp

73 ../../examples/ccx/test/beamexpdy1.inp

74 ../../examples/ccx/test/beamf.inp

75 ../../examples/ccx/test/beamf2.inp

76 ../../examples/ccx/test/beamf3.inp

77 ../../examples/ccx/test/beamf3submodel.inp

78 ../../examples/ccx/test/beamfrdread.inp

79 ../../examples/ccx/test/beamfsh1.inp
ERROR: Error parsing INP code:
>**

80 ../../examples/ccx/test/beamfstrucdamp.inp

81 ../../examples/ccx/test/beamfsubmodel.inp

82 ../../examples/ccx/test/beamft.inp

83 ../../examples/ccx/test/beamheatplas.inp

84 ../../examples/ccx/test/beamhf.inp

85 ../../examples/ccx/test/beamhtbf.inp

86 ../../examples/ccx/test/beamhtbo.inp

87 ../../examples/ccx/test/beamhtcr.inp

88 ../../examples/ccx/test/beamhtcr2.inp

89 ../../examples/ccx/test/beamhtfc.inp

90 ../../examples/ccx/test/beamhtfc2.inp

91 ../../examples/ccx/test/beamhtfcaero.inp

92 ../../examples/ccx/test/beamhtfcaerothne.inp

93 ../../examples/ccx/test/beamhtfcnu.inp

94 ../../examples/ccx/test/beamidset.inp

95 ../../examples/ccx/test/beamimpdy1.inp

96 ../../examples/ccx/test/beamimpdy1nodirect.inp

97 ../../examples/ccx/test/beamimpdy2.inp

98 ../../examples/ccx/test/beamlin.inp

99 ../../examples/ccx/test/beammix.inp

100 ../../examples/ccx/test/beammpc.inp

101 ../../examples/ccx/test/beammr.inp

102 ../../examples/ccx/test/beammrco.inp

103 ../../examples/ccx/test/beammrlin.inp

104 ../../examples/ccx/test/beamnh.inp

105 ../../examples/ccx/test/beamnld.inp

106 ../../examples/ccx/test/beamnldy.inp

107 ../../examples/ccx/test/beamnldye.inp

108 ../../examples/ccx/test/beamnldye20.inp

109 ../../examples/ccx/test/beamnldyems.inp

110 ../../examples/ccx/test/beamnldynodirect.inp

111 ../../examples/ccx/test/beamnldyp.inp

112 ../../examples/ccx/test/beamnldype.inp

113 ../../examples/ccx/test/beamnlmpc.inp

114 ../../examples/ccx/test/beamnlp.inp

115 ../../examples/ccx/test/beamnlptp.inp

116 ../../examples/ccx/test/beamnlt.inp

117 ../../examples/ccx/test/beamnoan.inp

118 ../../examples/ccx/test/beamog.inp

119 ../../examples/ccx/test/beamp.inp

120 ../../examples/ccx/test/beamp1rotate.inp

121 ../../examples/ccx/test/beamp2.inp

122 ../../examples/ccx/test/beamp2rotate.inp

123 ../../examples/ccx/test/beamp2stage.inp

124 ../../examples/ccx/test/beamp_ciarlet.inp

125 ../../examples/ccx/test/beampd.inp

126 ../../examples/ccx/test/beampdepmpc.inp

127 ../../examples/ccx/test/beamperror.inp

128 ../../examples/ccx/test/beampfix.inp

129 ../../examples/ccx/test/beampic.inp

130 ../../examples/ccx/test/beampik.inp

131 ../../examples/ccx/test/beampis.inp

132 ../../examples/ccx/test/beampiso.inp

133 ../../examples/ccx/test/beampiso2.inp

134 ../../examples/ccx/test/beampisof.inp

135 ../../examples/ccx/test/beampkin.inp

136 ../../examples/ccx/test/beampl.inp

137 ../../examples/ccx/test/beamplane.inp

138 ../../examples/ccx/test/beampo1.inp

139 ../../examples/ccx/test/beampo2.inp

140 ../../examples/ccx/test/beampo3.inp

141 ../../examples/ccx/test/beampo4.inp

142 ../../examples/ccx/test/beampo5.inp

143 ../../examples/ccx/test/beamprand.inp

144 ../../examples/ccx/test/beamprb.inp

145 ../../examples/ccx/test/beampset.inp

146 ../../examples/ccx/test/beampt.inp

147 ../../examples/ccx/test/beamptied1.inp

148 ../../examples/ccx/test/beamptied1noadjust.inp

149 ../../examples/ccx/test/beamptied2.inp

150 ../../examples/ccx/test/beamptied3.inp

151 ../../examples/ccx/test/beamptied4.inp

152 ../../examples/ccx/test/beamptied5.inp

153 ../../examples/ccx/test/beamptied6.inp

154 ../../examples/ccx/test/beamptied7.inp

155 ../../examples/ccx/test/beamptrans.inp

156 ../../examples/ccx/test/beamrb.inp

157 ../../examples/ccx/test/beamrb2.inp

158 ../../examples/ccx/test/beamread.inp

159 ../../examples/ccx/test/beamread2.inp

160 ../../examples/ccx/test/beamread3.inp

161 ../../examples/ccx/test/beamread4.inp

162 ../../examples/ccx/test/beamstraight.inp

163 ../../examples/ccx/test/beamt.inp

164 ../../examples/ccx/test/beamt2.inp

165 ../../examples/ccx/test/beamt3.inp

166 ../../examples/ccx/test/beamt4.inp

167 ../../examples/ccx/test/beamt6.inp

168 ../../examples/ccx/test/beamth.inp

169 ../../examples/ccx/test/beamtor.inp

170 ../../examples/ccx/test/beamu.inp

171 ../../examples/ccx/test/beamuamp.inp

172 ../../examples/ccx/test/beamwrite.inp

173 ../../examples/ccx/test/beamwrite2.inp

174 ../../examples/ccx/test/beamwrite3.inp

175 ../../examples/ccx/test/bifur.inp

176 ../../examples/ccx/test/bolt.inp

177 ../../examples/ccx/test/boxprofile.inp

178 ../../examples/ccx/test/boxprofile2.inp

179 ../../examples/ccx/test/branch1.inp

180 ../../examples/ccx/test/branch2.inp

181 ../../examples/ccx/test/branchjoint1.inp

182 ../../examples/ccx/test/branchjoint2.inp

183 ../../examples/ccx/test/branchjoint3.inp

184 ../../examples/ccx/test/branchjoint4.inp

185 ../../examples/ccx/test/branchsplit1.inp

186 ../../examples/ccx/test/branchsplit2.inp

187 ../../examples/ccx/test/branchsplit3.inp

188 ../../examples/ccx/test/c3d15.inp

189 ../../examples/ccx/test/c3d6.inp

190 ../../examples/ccx/test/capacitor.inp

191 ../../examples/ccx/test/carbonseal.inp

192 ../../examples/ccx/test/centheat1.inp

193 ../../examples/ccx/test/changefric.inp

194 ../../examples/ccx/test/changesolidsection.inp

195 ../../examples/ccx/test/changesurfbeh.inp

196 ../../examples/ccx/test/channel1.inp

197 ../../examples/ccx/test/channel10.inp

198 ../../examples/ccx/test/channel11.inp

199 ../../examples/ccx/test/channel12.inp

200 ../../examples/ccx/test/channel2.inp

201 ../../examples/ccx/test/channel3.inp

202 ../../examples/ccx/test/channel4.inp

203 ../../examples/ccx/test/channel5.inp

204 ../../examples/ccx/test/channel6.inp

205 ../../examples/ccx/test/channel7.inp

206 ../../examples/ccx/test/channel9.inp

207 ../../examples/ccx/test/chanson1.inp

208 ../../examples/ccx/test/characteristic.inp

209 ../../examples/ccx/test/circ10p.inp

210 ../../examples/ccx/test/circ10p.rfn.inp

211 ../../examples/ccx/test/circ10pcent.inp

212 ../../examples/ccx/test/circ10pcent.rfn.inp

213 ../../examples/ccx/test/concretebeam.inp

214 ../../examples/ccx/test/contact1.inp

215 ../../examples/ccx/test/contact10.inp

216 ../../examples/ccx/test/contact11.inp

217 ../../examples/ccx/test/contact12.inp

218 ../../examples/ccx/test/contact2.inp

219 ../../examples/ccx/test/contact3.inp

220 ../../examples/ccx/test/contact4.inp

221 ../../examples/ccx/test/contact4_mortar.inp

222 ../../examples/ccx/test/contact5.inp
ERROR: Error parsing INP code:
>**

223 ../../examples/ccx/test/contact6.inp

224 ../../examples/ccx/test/contact7.inp

225 ../../examples/ccx/test/contact8.inp

226 ../../examples/ccx/test/contact9.inp

227 ../../examples/ccx/test/contactenergy.inp

228 ../../examples/ccx/test/contdamp1.inp

229 ../../examples/ccx/test/contdamp2.inp

230 ../../examples/ccx/test/cou.inp

231 ../../examples/ccx/test/cou2d.inp

232 ../../examples/ccx/test/cou2dfem.inp

233 ../../examples/ccx/test/coucss.inp

234 ../../examples/ccx/test/couctr.inp

235 ../../examples/ccx/test/couette1.inp

236 ../../examples/ccx/test/couette1fem.inp

237 ../../examples/ccx/test/couette2.inp

238 ../../examples/ccx/test/couette2fem.inp

239 ../../examples/ccx/test/couette5fem.inp

240 ../../examples/ccx/test/couettecyl.inp

241 ../../examples/ccx/test/couettecyl4.inp

242 ../../examples/ccx/test/couettecylcent.inp

243 ../../examples/ccx/test/couettecylcomp.inp

244 ../../examples/ccx/test/coupling1.inp

245 ../../examples/ccx/test/coupling2.inp

246 ../../examples/ccx/test/coupling3.inp

247 ../../examples/ccx/test/coupling4.inp

248 ../../examples/ccx/test/coupling5.inp

249 ../../examples/ccx/test/coupling6.inp

250 ../../examples/ccx/test/coupling7.inp

251 ../../examples/ccx/test/cube2.inp

252 ../../examples/ccx/test/cubef2f1.inp

253 ../../examples/ccx/test/cubef2f2.inp

254 ../../examples/ccx/test/cubef2f3.inp

255 ../../examples/ccx/test/cubenewt.inp

256 ../../examples/ccx/test/cubes.inp

257 ../../examples/ccx/test/cubeslinmortar.inp

258 ../../examples/ccx/test/cubesmortar.inp

259 ../../examples/ccx/test/cubespglinmortar.inp

260 ../../examples/ccx/test/cubespring.inp

261 ../../examples/ccx/test/cyl.inp

262 ../../examples/ccx/test/dam.inp

263 ../../examples/ccx/test/dashpot1.inp

264 ../../examples/ccx/test/dashpot2.inp

265 ../../examples/ccx/test/dashpot3.inp

266 ../../examples/ccx/test/dashpot5.inp

267 ../../examples/ccx/test/dashpot6.inp

268 ../../examples/ccx/test/disk2.inp

269 ../../examples/ccx/test/dist.inp

270 ../../examples/ccx/test/distcoup.inp

271 ../../examples/ccx/test/distcoup2.inp

272 ../../examples/ccx/test/dloadlin20f.inp

273 ../../examples/ccx/test/dloadlinI.inp

274 ../../examples/ccx/test/dloadlinIf.inp

275 ../../examples/ccx/test/dyncube.inp

276 ../../examples/ccx/test/dyncubeexp.inp

277 ../../examples/ccx/test/edgeload.inp

278 ../../examples/ccx/test/equrem1.inp

279 ../../examples/ccx/test/equrem2.inp

280 ../../examples/ccx/test/equrem3.inp

281 ../../examples/ccx/test/equrem4.inp

282 ../../examples/ccx/test/fluidread.inp

283 ../../examples/ccx/test/fluidwrite.inp
WARNING: Misplaced or wrong keyword *MASSFLOW.

284 ../../examples/ccx/test/fricloop.inp

285 ../../examples/ccx/test/friction1.inp

286 ../../examples/ccx/test/friction2.inp

287 ../../examples/ccx/test/friction3.inp

288 ../../examples/ccx/test/fullseg.inp

289 ../../examples/ccx/test/furnace.inp

290 ../../examples/ccx/test/gap.inp

291 ../../examples/ccx/test/gap2.inp

292 ../../examples/ccx/test/gaspipe-cfd-pressure.inp

293 ../../examples/ccx/test/gaspipe-fanno10.inp

294 ../../examples/ccx/test/gaspipe-fanno8-oil.inp

295 ../../examples/ccx/test/gaspipe-fanno9.inp
WARNING: Misplaced or wrong keyword *FLUID SECTIONS.
WARNING: Misplaced or wrong keyword *FLUID SECTIONS.
WARNING: Misplaced or wrong keyword *FLUID SECTIONS.

296 ../../examples/ccx/test/gaspipe1-oil.inp

297 ../../examples/ccx/test/gaspipe1.inp

298 ../../examples/ccx/test/gaspipe11.inp

299 ../../examples/ccx/test/gaspipe12.inp

300 ../../examples/ccx/test/gaspipe13.inp

301 ../../examples/ccx/test/gaspipe14.inp

302 ../../examples/ccx/test/gaspipe15.inp

303 ../../examples/ccx/test/gaspipe2.inp

304 ../../examples/ccx/test/gaspipe3.inp

305 ../../examples/ccx/test/gaspipe4.inp

306 ../../examples/ccx/test/gaspipe5.inp

307 ../../examples/ccx/test/gaspipe6.inp

308 ../../examples/ccx/test/gaspipe7.inp

309 ../../examples/ccx/test/gaspipe8-cfd-massflow.inp

310 ../../examples/ccx/test/gaspipe8-cfd-pressure-split.inp

311 ../../examples/ccx/test/gaspipe8-cfd-pressure.inp

312 ../../examples/ccx/test/gaspipe8-oil.inp

313 ../../examples/ccx/test/gaspipe8.inp

314 ../../examples/ccx/test/gaspipe9.inp

315 ../../examples/ccx/test/gaspres.inp

316 ../../examples/ccx/test/green1.inp

317 ../../examples/ccx/test/green2.inp

318 ../../examples/ccx/test/green3.inp

319 ../../examples/ccx/test/green4.inp

320 ../../examples/ccx/test/greencyc1.inp

321 ../../examples/ccx/test/greencyc2.inp

322 ../../examples/ccx/test/hinge.inp

323 ../../examples/ccx/test/hueeber1.inp

324 ../../examples/ccx/test/hueeber1_mortar.inp

325 ../../examples/ccx/test/hueeber2.inp

326 ../../examples/ccx/test/hueeber2_mortar.inp

327 ../../examples/ccx/test/hueeber3.inp

328 ../../examples/ccx/test/hueeber3_mortar.inp

329 ../../examples/ccx/test/hueeber4.inp

330 ../../examples/ccx/test/hueeber4_mortar.inp

331 ../../examples/ccx/test/impdyn.inp

332 ../../examples/ccx/test/induction.inp

333 ../../examples/ccx/test/induction2.inp

334 ../../examples/ccx/test/induction3.inp

335 ../../examples/ccx/test/inistrain.inp

336 ../../examples/ccx/test/inistrain2.inp

337 ../../examples/ccx/test/labyrinth1fin.inp

338 ../../examples/ccx/test/labyrinthstepped.inp

339 ../../examples/ccx/test/labyrinthstraight.inp

340 ../../examples/ccx/test/largerot1.inp

341 ../../examples/ccx/test/largerot2.inp

342 ../../examples/ccx/test/largerot3.inp

343 ../../examples/ccx/test/largerot4.inp

344 ../../examples/ccx/test/largerot5.inp

345 ../../examples/ccx/test/leifer1.inp

346 ../../examples/ccx/test/leifer2.inp

347 ../../examples/ccx/test/linearnet.inp

348 ../../examples/ccx/test/load1.inp

349 ../../examples/ccx/test/mass1.inp

350 ../../examples/ccx/test/mass2.inp

351 ../../examples/ccx/test/mass3.inp

352 ../../examples/ccx/test/massflow_percent_ccx.inp
WARNING: Misplaced or wrong keyword *FLUID SECTIONS.
WARNING: Misplaced or wrong keyword *FLUID SECTIONS.
WARNING: Misplaced or wrong keyword *FLUID SECTIONS.
WARNING: Misplaced or wrong keyword *FLUID SECTIONS.
WARNING: Misplaced or wrong keyword *FLUID SECTIONS.
WARNING: Misplaced or wrong keyword *FLUID SECTIONS.
WARNING: Misplaced or wrong keyword *FLUID SECTIONS.

353 ../../examples/ccx/test/membrane1.inp

354 ../../examples/ccx/test/membrane2.inp

355 ../../examples/ccx/test/membrane3.inp

356 ../../examples/ccx/test/metalforming.inp

357 ../../examples/ccx/test/modelchel.inp

358 ../../examples/ccx/test/modelchel2.inp

359 ../../examples/ccx/test/modelchel3.inp

360 ../../examples/ccx/test/moehring.inp

361 ../../examples/ccx/test/mpcforce.inp

362 ../../examples/ccx/test/multistage.inp

363 ../../examples/ccx/test/networkmpc.inp

364 ../../examples/ccx/test/networkmpc2.inp

365 ../../examples/ccx/test/oneel.inp

366 ../../examples/ccx/test/oneel20cf.inp

367 ../../examples/ccx/test/oneel20df.inp

368 ../../examples/ccx/test/oneel20fi.inp

369 ../../examples/ccx/test/oneel20fi2.inp

370 ../../examples/ccx/test/oneel20fi3.inp

371 ../../examples/ccx/test/oneel20rs.inp

372 ../../examples/ccx/test/oneel8ra.inp

373 ../../examples/ccx/test/oneeltruss.inp

374 ../../examples/ccx/test/opt1.inp

375 ../../examples/ccx/test/opt2.inp

376 ../../examples/ccx/test/opt3.inp

377 ../../examples/ccx/test/pendel.inp
WARNING: Misplaced or wrong keyword *nodefile.

378 ../../examples/ccx/test/pipe.inp

379 ../../examples/ccx/test/pipe2.inp

380 ../../examples/ccx/test/pipempc1.inp

381 ../../examples/ccx/test/pipempc2.inp

382 ../../examples/ccx/test/pipempc3.inp

383 ../../examples/ccx/test/piperestrictor.inp

384 ../../examples/ccx/test/planestrain.inp

385 ../../examples/ccx/test/planestrain2.inp

386 ../../examples/ccx/test/planestress.inp

387 ../../examples/ccx/test/planestress2.inp

388 ../../examples/ccx/test/planestress3.inp

389 ../../examples/ccx/test/planestress3dsens.inp

390 ../../examples/ccx/test/planestress4.inp

391 ../../examples/ccx/test/planestressquadsens.inp

392 ../../examples/ccx/test/planestresssens.inp

393 ../../examples/ccx/test/plate.inp

394 ../../examples/ccx/test/poi2d.inp

395 ../../examples/ccx/test/poi2d2.inp

396 ../../examples/ccx/test/potied.inp

397 ../../examples/ccx/test/pret1.inp

398 ../../examples/ccx/test/pret2.inp

399 ../../examples/ccx/test/pret3.inp

400 ../../examples/ccx/test/pret4.inp

401 ../../examples/ccx/test/pret5.inp

402 ../../examples/ccx/test/pret6.inp

403 ../../examples/ccx/test/pret7.inp

404 ../../examples/ccx/test/primaryair.inp
WARNING: Misplaced or wrong keyword *fluid sections.
WARNING: Misplaced or wrong keyword *fluid sections.
WARNING: Misplaced or wrong keyword *fluid sections.
WARNING: Misplaced or wrong keyword *fluid sections.
WARNING: Misplaced or wrong keyword *fluid sections.
WARNING: Misplaced or wrong keyword *fluid sections.
WARNING: Misplaced or wrong keyword *fluid sections.

405 ../../examples/ccx/test/punch1.inp

406 ../../examples/ccx/test/punch2.inp

407 ../../examples/ccx/test/resstress1.inp

408 ../../examples/ccx/test/resstress2.inp

409 ../../examples/ccx/test/resstress3.inp

410 ../../examples/ccx/test/restrictor-oil.inp

411 ../../examples/ccx/test/restrictor.inp

412 ../../examples/ccx/test/ring1.inp

413 ../../examples/ccx/test/ring2.inp

414 ../../examples/ccx/test/ring3.inp

415 ../../examples/ccx/test/ring4.inp

416 ../../examples/ccx/test/ringfcontact1.inp

417 ../../examples/ccx/test/ringfcontact2.inp

418 ../../examples/ccx/test/ringfcontact3.inp

419 ../../examples/ccx/test/ringfcontact4.inp

420 ../../examples/ccx/test/ringfcontact5.inp

421 ../../examples/ccx/test/rot1.inp

422 ../../examples/ccx/test/rot2.inp

423 ../../examples/ccx/test/rot3.inp

424 ../../examples/ccx/test/rot4.inp

425 ../../examples/ccx/test/rotor.inp

426 ../../examples/ccx/test/rotor2.inp

427 ../../examples/ccx/test/rotor3.inp

428 ../../examples/ccx/test/rotpipe1.inp

429 ../../examples/ccx/test/rotpipe2.inp
ERROR: Error parsing INP code:
>**

430 ../../examples/ccx/test/rotpipe3.inp
ERROR: Error parsing INP code:
>**

431 ../../examples/ccx/test/rotpipe3inv.inp

432 ../../examples/ccx/test/rotpipe4.inp

433 ../../examples/ccx/test/rotpipe5.inp

434 ../../examples/ccx/test/rotpipe6.inp

435 ../../examples/ccx/test/rotpipe7.inp

436 ../../examples/ccx/test/rotpipeu.inp

437 ../../examples/ccx/test/sc123.inp

438 ../../examples/ccx/test/sc123creep.inp

439 ../../examples/ccx/test/scheibe.inp

440 ../../examples/ccx/test/scheibe2f2f.inp

441 ../../examples/ccx/test/scheibe2n2f.inp

442 ../../examples/ccx/test/section.inp

443 ../../examples/ccx/test/section4.inp

444 ../../examples/ccx/test/segdyn.inp

445 ../../examples/ccx/test/segment.inp

446 ../../examples/ccx/test/segment1.inp

447 ../../examples/ccx/test/segment2.inp

448 ../../examples/ccx/test/segmentbeam.inp

449 ../../examples/ccx/test/segmentbeam2.inp

450 ../../examples/ccx/test/segmentf.inp

451 ../../examples/ccx/test/segmentface.inp

452 ../../examples/ccx/test/segmentm.inp

453 ../../examples/ccx/test/segmentmass.inp

454 ../../examples/ccx/test/segmentsmooth.inp

455 ../../examples/ccx/test/segmentsmooth.rfn.inp

456 ../../examples/ccx/test/segmenttet.inp

457 ../../examples/ccx/test/segmentunsmooth.inp

458 ../../examples/ccx/test/segststate.inp

459 ../../examples/ccx/test/sens2d.inp

460 ../../examples/ccx/test/sens3d.inp

461 ../../examples/ccx/test/sens_disp_orien.inp

462 ../../examples/ccx/test/sens_disp_orien_nlgeom.inp

463 ../../examples/ccx/test/sens_freq_disp_cyc.inp

464 ../../examples/ccx/test/sens_freq_orien.inp

465 ../../examples/ccx/test/sensitivity_I.inp

466 ../../examples/ccx/test/sensitivity_V.inp

467 ../../examples/ccx/test/sensitivity_VI.inp

468 ../../examples/ccx/test/sensitivity_VII.inp

469 ../../examples/ccx/test/shell1.inp

470 ../../examples/ccx/test/shell1lin.inp

471 ../../examples/ccx/test/shell2.inp

472 ../../examples/ccx/test/shell3.inp

473 ../../examples/ccx/test/shell4.inp

474 ../../examples/ccx/test/shell5.inp

475 ../../examples/ccx/test/shell6.inp

476 ../../examples/ccx/test/shell6rot2.inp

477 ../../examples/ccx/test/shell7.inp

478 ../../examples/ccx/test/shell7rot.inp

479 ../../examples/ccx/test/shell7rot2.inp

480 ../../examples/ccx/test/shellbeam.inp

481 ../../examples/ccx/test/shellf.inp

482 ../../examples/ccx/test/shellf2.inp

483 ../../examples/ccx/test/shellnor.inp

484 ../../examples/ccx/test/shellquadsens.inp

485 ../../examples/ccx/test/shellsens.inp

486 ../../examples/ccx/test/simplebeam.inp

487 ../../examples/ccx/test/simplebeampipe1.inp

488 ../../examples/ccx/test/simplebeampipe2.inp

489 ../../examples/ccx/test/simplebeampipe3.inp

490 ../../examples/ccx/test/simplebeampipe4.inp

491 ../../examples/ccx/test/simplebeampipe5.inp

492 ../../examples/ccx/test/slant.inp
WARNING: Misplaced or wrong keyword *MASSFLOW.

493 ../../examples/ccx/test/small_pressure_gradient.inp

494 ../../examples/ccx/test/solidshell1.inp

495 ../../examples/ccx/test/solidshell2.inp

496 ../../examples/ccx/test/spring1.inp

497 ../../examples/ccx/test/spring2.inp

498 ../../examples/ccx/test/spring3.inp

499 ../../examples/ccx/test/spring4.inp

500 ../../examples/ccx/test/spring5.inp

501 ../../examples/ccx/test/spring6.inp

502 ../../examples/ccx/test/spring7.inp

503 ../../examples/ccx/test/square.inp

504 ../../examples/ccx/test/submodelbeamp.inp

505 ../../examples/ccx/test/submodelbeampdouble.inp

506 ../../examples/ccx/test/submodeltwobeam.inp

507 ../../examples/ccx/test/submodeltwobeamnlgeom.inp

508 ../../examples/ccx/test/substructure.inp

509 ../../examples/ccx/test/swing.inp

510 ../../examples/ccx/test/tempdiscon.inp

511 ../../examples/ccx/test/testmortar.inp

512 ../../examples/ccx/test/thermomech.inp

513 ../../examples/ccx/test/thermomech2.inp

514 ../../examples/ccx/test/thread.inp

515 ../../examples/ccx/test/transition.inp

516 ../../examples/ccx/test/truss.inp

517 ../../examples/ccx/test/truss2.inp

518 ../../examples/ccx/test/unet1.inp

519 ../../examples/ccx/test/unetp1.inp

520 ../../examples/ccx/test/uprofile.inp

521 ../../examples/ccx/test/userbeam.inp

522 ../../examples/ccx/test/vortex1.inp

523 ../../examples/ccx/test/vortex2.inp

524 ../../examples/ccx/test/vortex3.inp

525 ../../examples/ccx/test/wire.inp

Total 11.7 seconds.
